2017-03-18 15:46:07,721       [13] DEBUG PayPal.Api.PayPalResource [(null)] Content-Type:application/x-www-form-urlencoded
2017-03-18 15:46:07,732       [13] DEBUG PayPal.Api.PayPalResource [(null)] User-Agent:PayPalSDK/PayPal-NET-SDK 1.8.0 (lang=DOTNET;v=4.5.1;clr=4.0.30319.42000;bit=64;os=Microsoft Windows NT 6.1.7601 Service Pack 1)
2017-03-18 15:46:07,732       [13] DEBUG PayPal.Api.PayPalResource [(null)] Authorization:Basic QWJ2ajl0dFhzLXJHbUN5bVdoQno5cWtrcXN5YU1LVlN6VVJpZGZRRHUtTGc1YUh1SFFJOUZrZGtkR1gwbWhGUEhoNHVuWTIxeHJKTEpQaHE6RUZBS2hBUmtJQjdiOWZCWDN1YTNzR3V0b3FzaWdCTV92eEVZOS1GZmRKQnlxdkJ1UExLVG5vNHNDdllXaEV4d1o2aGVTcmg5WFBKSWFqYkw=
2017-03-18 15:46:07,733       [13] DEBUG PayPal.Api.PayPalResource [(null)] PayPal-Request-Id:5c69c110-dbc2-4283-89a9-3228bde0b2a5
2017-03-18 15:46:07,850       [13] DEBUG PayPal.Api.HttpConnection [(null)] grant_type=client_credentials
2017-03-18 15:46:08,351       [13] DEBUG PayPal.Api.HttpConnection [(null)] Service response: 
2017-03-18 15:46:08,351       [13] DEBUG PayPal.Api.HttpConnection [(null)] {"scope":"https://uri.paypal.com/services/subscriptions https://api.paypal.com/v1/payments/.* https://api.paypal.com/v1/vault/credit-card https://uri.paypal.com/services/applications/webhooks openid https://uri.paypal.com/payments/payouts https://api.paypal.com/v1/vault/credit-card/.*","nonce":"2017-03-18T19:46:08Z8RRVR-VopiI4_KAzdob2n8x_Ues7QNoeIvOSeZ95fTY","access_token":"A101.lyKrgwwgm4sfHkvNovXJotai0NscEsXtIR9NgHdVkom9tNFmGEabP4Uy3NRJOOks.29AXp2JLdAhPjT67SOjxgaIP4gO","token_type":"Bearer","app_id":"APP-80W284485P519543T","expires_in":32400}
2017-03-18 15:46:08,500       [13] DEBUG PayPal.Api.PayPalResource [(null)] Content-Type:application/json
2017-03-18 15:46:08,501       [13] DEBUG PayPal.Api.PayPalResource [(null)] User-Agent:PayPalSDK/PayPal-NET-SDK 1.8.0 (lang=DOTNET;v=4.5.1;clr=4.0.30319.42000;bit=64;os=Microsoft Windows NT 6.1.7601 Service Pack 1)
2017-03-18 15:46:08,501       [13] DEBUG PayPal.Api.PayPalResource [(null)] Authorization:Bearer A101.lyKrgwwgm4sfHkvNovXJotai0NscEsXtIR9NgHdVkom9tNFmGEabP4Uy3NRJOOks.29AXp2JLdAhPjT67SOjxgaIP4gO
2017-03-18 15:46:08,501       [13] DEBUG PayPal.Api.PayPalResource [(null)] PayPal-Request-Id:cdcdb0e3-69b6-4d89-9645-4f89c81e4ba1
2017-03-18 15:46:08,585       [13] DEBUG PayPal.Api.HttpConnection [(null)] {"intent":"sale","payer":{"payment_method":"paypal"},"transactions":[{"amount":{"currency":"USD","total":"7","details":{"subtotal":"5","shipping":"1","tax":"1"}},"description":"Transaction description.","invoice_number":"your invoice number","item_list":{"items":[{"sku":"sku","name":"Item Name","quantity":"1","price":"5","currency":"USD"}]}}],"redirect_urls":{"return_url":"http://localhost:60016/Paypal/PaymentWithPayPal?guid=72825","cancel_url":"http://localhost:60016/Paypal/PaymentWithPayPal?guid=72825"}}
2017-03-18 15:46:09,137       [13] DEBUG PayPal.Api.HttpConnection [(null)] Service response: 
2017-03-18 15:46:09,138       [13] DEBUG PayPal.Api.HttpConnection [(null)] {"id":"PAY-7FE219640U6203835LDGY5AI","intent":"sale","state":"created","payer":{"payment_method":"paypal"},"transactions":[{"amount":{"total":"7.00","currency":"USD","details":{"subtotal":"5.00","tax":"1.00","shipping":"1.00"}},"description":"Transaction description.","invoice_number":"your invoice number","item_list":{"items":[{"name":"Item Name","sku":"sku","price":"5.00","currency":"USD","quantity":1}]},"related_resources":[]}],"create_time":"2017-03-18T19:46:08Z","links":[{"href":"https://api.sandbox.paypal.com/v1/payments/payment/PAY-7FE219640U6203835LDGY5AI","rel":"self","method":"GET"},{"href":"https://www.sandbox.paypal.com/cgi-bin/webscr?cmd=_express-checkout&token=EC-0UN256414V630182N","rel":"approval_url","method":"REDIRECT"},{"href":"https://api.sandbox.paypal.com/v1/payments/payment/PAY-7FE219640U6203835LDGY5AI/execute","rel":"execute","method":"POST"}]}
2017-03-21 19:47:17,484       [10] DEBUG PayPal.Api.PayPalResource [(null)] Content-Type:application/x-www-form-urlencoded
2017-03-21 19:47:17,497       [10] DEBUG PayPal.Api.PayPalResource [(null)] User-Agent:PayPalSDK/PayPal-NET-SDK 1.8.0 (lang=DOTNET;v=4.5.1;clr=4.0.30319.42000;bit=64;os=Microsoft Windows NT 10.0.14393.0)
2017-03-21 19:47:17,497       [10] DEBUG PayPal.Api.PayPalResource [(null)] Authorization:Basic QWJ2ajl0dFhzLXJHbUN5bVdoQno5cWtrcXN5YU1LVlN6VVJpZGZRRHUtTGc1YUh1SFFJOUZrZGtkR1gwbWhGUEhoNHVuWTIxeHJKTEpQaHE6RUZBS2hBUmtJQjdiOWZCWDN1YTNzR3V0b3FzaWdCTV92eEVZOS1GZmRKQnlxdkJ1UExLVG5vNHNDdllXaEV4d1o2aGVTcmg5WFBKSWFqYkw=
2017-03-21 19:47:17,497       [10] DEBUG PayPal.Api.PayPalResource [(null)] PayPal-Request-Id:5304ad4a-33b3-45cb-b9fd-b9f08eeea478
2017-03-21 19:47:18,637       [10] DEBUG PayPal.Api.HttpConnection [(null)] grant_type=client_credentials
2017-03-21 19:47:19,332       [10] DEBUG PayPal.Api.HttpConnection [(null)] Service response: 
2017-03-21 19:47:19,333       [10] DEBUG PayPal.Api.HttpConnection [(null)] {"scope":"https://uri.paypal.com/services/subscriptions https://api.paypal.com/v1/payments/.* https://api.paypal.com/v1/vault/credit-card https://uri.paypal.com/services/applications/webhooks openid https://uri.paypal.com/payments/payouts https://api.paypal.com/v1/vault/credit-card/.*","nonce":"2017-03-21T23:47:21ZJTvXCJGUFHDr95hAKXtayHuE2x1fgaT3HrUd_QQaIRg","access_token":"A101.8WYBkga_rORYrN-TPcInRUDx0wRbBBfhVlWePBZUhBHwzgZezPLzxO8-hCTYhjR_.qNlX1b-fphWFeY233oeR4QPBynu","token_type":"Bearer","app_id":"APP-80W284485P519543T","expires_in":32400}
2017-03-21 19:47:19,526       [10] DEBUG PayPal.Api.PayPalResource [(null)] Content-Type:application/json
2017-03-21 19:47:19,526       [10] DEBUG PayPal.Api.PayPalResource [(null)] User-Agent:PayPalSDK/PayPal-NET-SDK 1.8.0 (lang=DOTNET;v=4.5.1;clr=4.0.30319.42000;bit=64;os=Microsoft Windows NT 10.0.14393.0)
2017-03-21 19:47:19,526       [10] DEBUG PayPal.Api.PayPalResource [(null)] Authorization:Bearer A101.8WYBkga_rORYrN-TPcInRUDx0wRbBBfhVlWePBZUhBHwzgZezPLzxO8-hCTYhjR_.qNlX1b-fphWFeY233oeR4QPBynu
2017-03-21 19:47:19,527       [10] DEBUG PayPal.Api.PayPalResource [(null)] PayPal-Request-Id:282ecdf0-1585-4fb1-8409-e9b974148ffc
2017-03-21 19:47:19,606       [10] DEBUG PayPal.Api.HttpConnection [(null)] {"intent":"sale","payer":{"payment_method":"paypal"},"transactions":[{"amount":{"currency":"USD","total":"7","details":{"subtotal":"5","shipping":"1","tax":"1"}},"description":"Transaction description.","invoice_number":"your invoice number","item_list":{"items":[{"sku":"sku","name":"Item Name","quantity":"1","price":"5","currency":"USD"}]}}],"redirect_urls":{"return_url":"http://localhost:60016/Paypal/PaymentWithPayPal?guid=96091","cancel_url":"http://localhost:60016/Paypal/PaymentWithPayPal?guid=96091"}}
2017-03-21 19:47:20,159       [10] DEBUG PayPal.Api.HttpConnection [(null)] Service response: 
2017-03-21 19:47:20,159       [10] DEBUG PayPal.Api.HttpConnection [(null)] {"id":"PAY-8C2022725K8235802LDI3XCQ","intent":"sale","state":"created","payer":{"payment_method":"paypal"},"transactions":[{"amount":{"total":"7.00","currency":"USD","details":{"subtotal":"5.00","tax":"1.00","shipping":"1.00"}},"description":"Transaction description.","invoice_number":"your invoice number","item_list":{"items":[{"name":"Item Name","sku":"sku","price":"5.00","currency":"USD","quantity":1}]},"related_resources":[]}],"create_time":"2017-03-21T23:47:22Z","links":[{"href":"https://api.sandbox.paypal.com/v1/payments/payment/PAY-8C2022725K8235802LDI3XCQ","rel":"self","method":"GET"},{"href":"https://www.sandbox.paypal.com/cgi-bin/webscr?cmd=_express-checkout&token=EC-4HE998307C514890T","rel":"approval_url","method":"REDIRECT"},{"href":"https://api.sandbox.paypal.com/v1/payments/payment/PAY-8C2022725K8235802LDI3XCQ/execute","rel":"execute","method":"POST"}]}
2017-03-21 19:49:18,796       [7] DEBUG PayPal.Api.PayPalResource [(null)] Content-Type:application/x-www-form-urlencoded
2017-03-21 19:49:18,807       [7] DEBUG PayPal.Api.PayPalResource [(null)] User-Agent:PayPalSDK/PayPal-NET-SDK 1.8.0 (lang=DOTNET;v=4.5.1;clr=4.0.30319.42000;bit=64;os=Microsoft Windows NT 10.0.14393.0)
2017-03-21 19:49:18,807       [7] DEBUG PayPal.Api.PayPalResource [(null)] Authorization:Basic QWJ2ajl0dFhzLXJHbUN5bVdoQno5cWtrcXN5YU1LVlN6VVJpZGZRRHUtTGc1YUh1SFFJOUZrZGtkR1gwbWhGUEhoNHVuWTIxeHJKTEpQaHE6RUZBS2hBUmtJQjdiOWZCWDN1YTNzR3V0b3FzaWdCTV92eEVZOS1GZmRKQnlxdkJ1UExLVG5vNHNDdllXaEV4d1o2aGVTcmg5WFBKSWFqYkw=
2017-03-21 19:49:18,807       [7] DEBUG PayPal.Api.PayPalResource [(null)] PayPal-Request-Id:1fa4ef2c-8247-4b0c-860e-e1495ddd55c1
2017-03-21 19:49:18,900       [7] DEBUG PayPal.Api.HttpConnection [(null)] grant_type=client_credentials
2017-03-21 19:49:19,290       [7] DEBUG PayPal.Api.HttpConnection [(null)] Service response: 
2017-03-21 19:49:19,290       [7] DEBUG PayPal.Api.HttpConnection [(null)] {"scope":"https://uri.paypal.com/services/subscriptions https://api.paypal.com/v1/payments/.* https://api.paypal.com/v1/vault/credit-card https://uri.paypal.com/services/applications/webhooks openid https://uri.paypal.com/payments/payouts https://api.paypal.com/v1/vault/credit-card/.*","nonce":"2017-03-21T23:47:21ZJTvXCJGUFHDr95hAKXtayHuE2x1fgaT3HrUd_QQaIRg","access_token":"A101.8WYBkga_rORYrN-TPcInRUDx0wRbBBfhVlWePBZUhBHwzgZezPLzxO8-hCTYhjR_.qNlX1b-fphWFeY233oeR4QPBynu","token_type":"Bearer","app_id":"APP-80W284485P519543T","expires_in":32280}
2017-03-21 19:49:19,458       [7] DEBUG PayPal.Api.PayPalResource [(null)] Content-Type:application/json
2017-03-21 19:49:19,458       [7] DEBUG PayPal.Api.PayPalResource [(null)] User-Agent:PayPalSDK/PayPal-NET-SDK 1.8.0 (lang=DOTNET;v=4.5.1;clr=4.0.30319.42000;bit=64;os=Microsoft Windows NT 10.0.14393.0)
2017-03-21 19:49:19,458       [7] DEBUG PayPal.Api.PayPalResource [(null)] Authorization:Bearer A101.8WYBkga_rORYrN-TPcInRUDx0wRbBBfhVlWePBZUhBHwzgZezPLzxO8-hCTYhjR_.qNlX1b-fphWFeY233oeR4QPBynu
2017-03-21 19:49:19,458       [7] DEBUG PayPal.Api.PayPalResource [(null)] PayPal-Request-Id:622ef0a1-46ae-4a56-99cd-0e8ccced0b17
2017-03-21 19:49:19,540       [7] DEBUG PayPal.Api.HttpConnection [(null)] {"intent":"sale","payer":{"payment_method":"paypal"},"transactions":[{"amount":{"currency":"USD","total":"7","details":{"subtotal":"5","shipping":"1","tax":"1"}},"description":"Transaction description.","invoice_number":"your invoice number","item_list":{"items":[{"sku":"sku","name":"Item Name","quantity":"1","price":"5","currency":"USD"}]}}],"redirect_urls":{"return_url":"http://localhost:60016/Paypal/PaymentWithPayPal?guid=72701","cancel_url":"http://localhost:60016/Paypal/PaymentWithPayPal?guid=72701"}}
2017-03-21 19:49:20,191       [7] DEBUG PayPal.Api.HttpConnection [(null)] Service response: 
2017-03-21 19:49:20,191       [7] DEBUG PayPal.Api.HttpConnection [(null)] {"id":"PAY-7CY32826TH235894TLDI3YAQ","intent":"sale","state":"created","payer":{"payment_method":"paypal"},"transactions":[{"amount":{"total":"7.00","currency":"USD","details":{"subtotal":"5.00","tax":"1.00","shipping":"1.00"}},"description":"Transaction description.","invoice_number":"your invoice number","item_list":{"items":[{"name":"Item Name","sku":"sku","price":"5.00","currency":"USD","quantity":1}]},"related_resources":[]}],"create_time":"2017-03-21T23:49:22Z","links":[{"href":"https://api.sandbox.paypal.com/v1/payments/payment/PAY-7CY32826TH235894TLDI3YAQ","rel":"self","method":"GET"},{"href":"https://www.sandbox.paypal.com/cgi-bin/webscr?cmd=_express-checkout&token=EC-67943396827345411","rel":"approval_url","method":"REDIRECT"},{"href":"https://api.sandbox.paypal.com/v1/payments/payment/PAY-7CY32826TH235894TLDI3YAQ/execute","rel":"execute","method":"POST"}]}
2017-03-21 20:28:33,027       [7] DEBUG PayPal.Api.PayPalResource [(null)] Content-Type:application/x-www-form-urlencoded
2017-03-21 20:28:33,037       [7] DEBUG PayPal.Api.PayPalResource [(null)] User-Agent:PayPalSDK/PayPal-NET-SDK 1.8.0 (lang=DOTNET;v=4.5.1;clr=4.0.30319.42000;bit=64;os=Microsoft Windows NT 10.0.14393.0)
2017-03-21 20:28:33,037       [7] DEBUG PayPal.Api.PayPalResource [(null)] Authorization:Basic QWJ2ajl0dFhzLXJHbUN5bVdoQno5cWtrcXN5YU1LVlN6VVJpZGZRRHUtTGc1YUh1SFFJOUZrZGtkR1gwbWhGUEhoNHVuWTIxeHJKTEpQaHE6RUZBS2hBUmtJQjdiOWZCWDN1YTNzR3V0b3FzaWdCTV92eEVZOS1GZmRKQnlxdkJ1UExLVG5vNHNDdllXaEV4d1o2aGVTcmg5WFBKSWFqYkw=
2017-03-21 20:28:33,038       [7] DEBUG PayPal.Api.PayPalResource [(null)] PayPal-Request-Id:cce271d4-3351-48a1-82c8-eccb8f306662
2017-03-21 20:28:34,187       [7] DEBUG PayPal.Api.HttpConnection [(null)] grant_type=client_credentials
2017-03-21 20:28:34,834       [7] DEBUG PayPal.Api.HttpConnection [(null)] Service response: 
2017-03-21 20:28:34,834       [7] DEBUG PayPal.Api.HttpConnection [(null)] {"scope":"https://uri.paypal.com/services/subscriptions https://api.paypal.com/v1/payments/.* https://api.paypal.com/v1/vault/credit-card https://uri.paypal.com/services/applications/webhooks openid https://uri.paypal.com/payments/payouts https://api.paypal.com/v1/vault/credit-card/.*","nonce":"2017-03-22T00:28:37ZnomYtL_dSx6N93Em3i5CrS5DYUQkm0F-pMtTKl791Nk","access_token":"A101.b_wov5QFXkabdSlnI3P1KntDrdsebhf5Dl36b-E0urdltu9ykNMSLWU7SLPY3xPo.q7zh2_T_-eEL9U3PZZic0BdITVi","token_type":"Bearer","app_id":"APP-80W284485P519543T","expires_in":32400}
2017-03-21 20:28:35,015       [7] DEBUG PayPal.Api.PayPalResource [(null)] Content-Type:application/json
2017-03-21 20:28:35,015       [7] DEBUG PayPal.Api.PayPalResource [(null)] User-Agent:PayPalSDK/PayPal-NET-SDK 1.8.0 (lang=DOTNET;v=4.5.1;clr=4.0.30319.42000;bit=64;os=Microsoft Windows NT 10.0.14393.0)
2017-03-21 20:28:35,015       [7] DEBUG PayPal.Api.PayPalResource [(null)] Authorization:Bearer A101.b_wov5QFXkabdSlnI3P1KntDrdsebhf5Dl36b-E0urdltu9ykNMSLWU7SLPY3xPo.q7zh2_T_-eEL9U3PZZic0BdITVi
2017-03-21 20:28:35,015       [7] DEBUG PayPal.Api.PayPalResource [(null)] PayPal-Request-Id:b8ebb37f-4d86-45c9-b2fd-4469d8058d03
2017-03-21 20:28:35,098       [7] DEBUG PayPal.Api.HttpConnection [(null)] {"intent":"sale","payer":{"payment_method":"paypal"},"transactions":[{"amount":{"currency":"USD","total":"7","details":{"subtotal":"5","shipping":"1","tax":"1"}},"description":"Transaction description.","invoice_number":"your invoice number","item_list":{"items":[{"sku":"sku","name":"Item Name","quantity":"1","price":"5","currency":"USD"}]}}],"redirect_urls":{"return_url":"http://localhost:60016/Paypal/PaymentWithPayPal?guid=46738","cancel_url":"http://localhost:60016/Paypal/PaymentWithPayPal?guid=46738"}}
2017-03-21 20:28:35,648       [7] DEBUG PayPal.Api.HttpConnection [(null)] Service response: 
2017-03-21 20:28:35,649       [7] DEBUG PayPal.Api.HttpConnection [(null)] {"id":"PAY-5EL11183P8429052HLDI4KNI","intent":"sale","state":"created","payer":{"payment_method":"paypal"},"transactions":[{"amount":{"total":"7.00","currency":"USD","details":{"subtotal":"5.00","tax":"1.00","shipping":"1.00"}},"description":"Transaction description.","invoice_number":"your invoice number","item_list":{"items":[{"name":"Item Name","sku":"sku","price":"5.00","currency":"USD","quantity":1}]},"related_resources":[]}],"create_time":"2017-03-22T00:28:37Z","links":[{"href":"https://api.sandbox.paypal.com/v1/payments/payment/PAY-5EL11183P8429052HLDI4KNI","rel":"self","method":"GET"},{"href":"https://www.sandbox.paypal.com/cgi-bin/webscr?cmd=_express-checkout&token=EC-8M542402D6502353B","rel":"approval_url","method":"REDIRECT"},{"href":"https://api.sandbox.paypal.com/v1/payments/payment/PAY-5EL11183P8429052HLDI4KNI/execute","rel":"execute","method":"POST"}]}
2017-03-21 20:30:02,254       [7] DEBUG PayPal.Api.PayPalResource [(null)] Content-Type:application/x-www-form-urlencoded
2017-03-21 20:30:02,264       [7] DEBUG PayPal.Api.PayPalResource [(null)] User-Agent:PayPalSDK/PayPal-NET-SDK 1.8.0 (lang=DOTNET;v=4.5.1;clr=4.0.30319.42000;bit=64;os=Microsoft Windows NT 10.0.14393.0)
2017-03-21 20:30:02,264       [7] DEBUG PayPal.Api.PayPalResource [(null)] Authorization:Basic QWJ2ajl0dFhzLXJHbUN5bVdoQno5cWtrcXN5YU1LVlN6VVJpZGZRRHUtTGc1YUh1SFFJOUZrZGtkR1gwbWhGUEhoNHVuWTIxeHJKTEpQaHE6RUZBS2hBUmtJQjdiOWZCWDN1YTNzR3V0b3FzaWdCTV92eEVZOS1GZmRKQnlxdkJ1UExLVG5vNHNDdllXaEV4d1o2aGVTcmg5WFBKSWFqYkw=
2017-03-21 20:30:02,264       [7] DEBUG PayPal.Api.PayPalResource [(null)] PayPal-Request-Id:28c7d021-ed06-46af-9be1-55260da3c362
2017-03-21 20:30:02,356       [7] DEBUG PayPal.Api.HttpConnection [(null)] grant_type=client_credentials
2017-03-21 20:30:02,742       [7] DEBUG PayPal.Api.HttpConnection [(null)] Service response: 
2017-03-21 20:30:02,742       [7] DEBUG PayPal.Api.HttpConnection [(null)] {"scope":"https://uri.paypal.com/services/subscriptions https://api.paypal.com/v1/payments/.* https://api.paypal.com/v1/vault/credit-card https://uri.paypal.com/services/applications/webhooks openid https://uri.paypal.com/payments/payouts https://api.paypal.com/v1/vault/credit-card/.*","nonce":"2017-03-22T00:28:37ZnomYtL_dSx6N93Em3i5CrS5DYUQkm0F-pMtTKl791Nk","access_token":"A101.b_wov5QFXkabdSlnI3P1KntDrdsebhf5Dl36b-E0urdltu9ykNMSLWU7SLPY3xPo.q7zh2_T_-eEL9U3PZZic0BdITVi","token_type":"Bearer","app_id":"APP-80W284485P519543T","expires_in":32312}
2017-03-21 20:30:02,902       [7] DEBUG PayPal.Api.PayPalResource [(null)] Content-Type:application/json
2017-03-21 20:30:02,902       [7] DEBUG PayPal.Api.PayPalResource [(null)] User-Agent:PayPalSDK/PayPal-NET-SDK 1.8.0 (lang=DOTNET;v=4.5.1;clr=4.0.30319.42000;bit=64;os=Microsoft Windows NT 10.0.14393.0)
2017-03-21 20:30:02,902       [7] DEBUG PayPal.Api.PayPalResource [(null)] Authorization:Bearer A101.b_wov5QFXkabdSlnI3P1KntDrdsebhf5Dl36b-E0urdltu9ykNMSLWU7SLPY3xPo.q7zh2_T_-eEL9U3PZZic0BdITVi
2017-03-21 20:30:02,902       [7] DEBUG PayPal.Api.PayPalResource [(null)] PayPal-Request-Id:02d36430-d58b-4da6-bbba-b96be98a38f6
2017-03-21 20:30:02,985       [7] DEBUG PayPal.Api.HttpConnection [(null)] {"intent":"sale","payer":{"payment_method":"paypal"},"transactions":[{"amount":{"currency":"USD","total":"7","details":{"subtotal":"5","shipping":"1","tax":"1"}},"description":"Transaction description.","invoice_number":"your invoice number","item_list":{"items":[{"sku":"sku","name":"Item Name","quantity":"1","price":"5","currency":"USD"},{"sku":"sku","name":"Basic Bell","quantity":"1","price":"250","currency":"USD"},{"sku":"sku","name":"Nokia Lumia","quantity":"1","price":"350","currency":"USD"},{"sku":"sku","name":"Apple Iphone","quantity":"1","price":"530","currency":"USD"}]}}],"redirect_urls":{"return_url":"http://localhost:60016/Paypal/PaymentWithPayPal?guid=95067","cancel_url":"http://localhost:60016/Paypal/PaymentWithPayPal?guid=95067"}}
2017-03-21 20:30:03,307       [7] ERROR PayPal.Api.HttpConnection [(null)] Error response:
2017-03-21 20:30:03,308       [7] ERROR PayPal.Api.HttpConnection [(null)] {"name":"VALIDATION_ERROR","details":[{"field":"transactions[0]","issue":"Item amount must add up to specified amount subtotal (or total if amount details not specified)"}],"message":"Invalid request - see details","information_link":"https://developer.paypal.com/docs/api/payments#VALIDATION_ERROR","debug_id":"c67ccae9844cf"}
2017-03-21 20:30:03,308       [7] ERROR PayPal.Api.HttpConnection [(null)] The remote server returned an error: (400) Bad Request.
2017-03-21 20:30:03,349       [7] ERROR PayPal.PayPalException [(null)] Payments Exception: 
   Error:    VALIDATION_ERROR
   Message:  Invalid request - see details
   URI:      https://developer.paypal.com/docs/api/payments#VALIDATION_ERROR
   Debug ID: c67ccae9844cf
   Details:  transactions[0] -> Item amount must add up to specified amount subtotal (or total if amount details not specified)

2017-03-21 20:31:38,237       [7] DEBUG PayPal.Api.PayPalResource [(null)] Content-Type:application/x-www-form-urlencoded
2017-03-21 20:31:38,246       [7] DEBUG PayPal.Api.PayPalResource [(null)] User-Agent:PayPalSDK/PayPal-NET-SDK 1.8.0 (lang=DOTNET;v=4.5.1;clr=4.0.30319.42000;bit=64;os=Microsoft Windows NT 10.0.14393.0)
2017-03-21 20:31:38,247       [7] DEBUG PayPal.Api.PayPalResource [(null)] Authorization:Basic QWJ2ajl0dFhzLXJHbUN5bVdoQno5cWtrcXN5YU1LVlN6VVJpZGZRRHUtTGc1YUh1SFFJOUZrZGtkR1gwbWhGUEhoNHVuWTIxeHJKTEpQaHE6RUZBS2hBUmtJQjdiOWZCWDN1YTNzR3V0b3FzaWdCTV92eEVZOS1GZmRKQnlxdkJ1UExLVG5vNHNDdllXaEV4d1o2aGVTcmg5WFBKSWFqYkw=
2017-03-21 20:31:38,247       [7] DEBUG PayPal.Api.PayPalResource [(null)] PayPal-Request-Id:1a6bc8a6-dc90-4e76-870b-5cb4c5938383
2017-03-21 20:31:38,335       [7] DEBUG PayPal.Api.HttpConnection [(null)] grant_type=client_credentials
2017-03-21 20:31:38,705       [7] DEBUG PayPal.Api.HttpConnection [(null)] Service response: 
2017-03-21 20:31:38,705       [7] DEBUG PayPal.Api.HttpConnection [(null)] {"scope":"https://uri.paypal.com/services/subscriptions https://api.paypal.com/v1/payments/.* https://api.paypal.com/v1/vault/credit-card https://uri.paypal.com/services/applications/webhooks openid https://uri.paypal.com/payments/payouts https://api.paypal.com/v1/vault/credit-card/.*","nonce":"2017-03-22T00:28:37ZnomYtL_dSx6N93Em3i5CrS5DYUQkm0F-pMtTKl791Nk","access_token":"A101.b_wov5QFXkabdSlnI3P1KntDrdsebhf5Dl36b-E0urdltu9ykNMSLWU7SLPY3xPo.q7zh2_T_-eEL9U3PZZic0BdITVi","token_type":"Bearer","app_id":"APP-80W284485P519543T","expires_in":32216}
2017-03-21 20:31:38,861       [7] DEBUG PayPal.Api.PayPalResource [(null)] Content-Type:application/json
2017-03-21 20:31:38,861       [7] DEBUG PayPal.Api.PayPalResource [(null)] User-Agent:PayPalSDK/PayPal-NET-SDK 1.8.0 (lang=DOTNET;v=4.5.1;clr=4.0.30319.42000;bit=64;os=Microsoft Windows NT 10.0.14393.0)
2017-03-21 20:31:38,861       [7] DEBUG PayPal.Api.PayPalResource [(null)] Authorization:Bearer A101.b_wov5QFXkabdSlnI3P1KntDrdsebhf5Dl36b-E0urdltu9ykNMSLWU7SLPY3xPo.q7zh2_T_-eEL9U3PZZic0BdITVi
2017-03-21 20:31:38,861       [7] DEBUG PayPal.Api.PayPalResource [(null)] PayPal-Request-Id:a2b9b9a7-a713-412e-989f-3b714ee8cbf4
2017-03-21 20:31:38,944       [7] DEBUG PayPal.Api.HttpConnection [(null)] {"intent":"sale","payer":{"payment_method":"paypal"},"transactions":[{"amount":{"currency":"USD","total":"7","details":{"subtotal":"5","shipping":"1","tax":"1"}},"description":"Transaction description.","invoice_number":"your invoice number","item_list":{"items":[{"sku":"sku","name":"Basic Bell","quantity":"1","price":"350","currency":"USD"}]}}],"redirect_urls":{"return_url":"http://localhost:60016/Paypal/PaymentWithPayPal?guid=22684","cancel_url":"http://localhost:60016/Paypal/PaymentWithPayPal?guid=22684"}}
2017-03-21 20:31:39,263       [7] ERROR PayPal.Api.HttpConnection [(null)] Error response:
2017-03-21 20:31:39,263       [7] ERROR PayPal.Api.HttpConnection [(null)] {"name":"VALIDATION_ERROR","details":[{"field":"transactions[0]","issue":"Item amount must add up to specified amount subtotal (or total if amount details not specified)"}],"message":"Invalid request - see details","information_link":"https://developer.paypal.com/docs/api/payments#VALIDATION_ERROR","debug_id":"9181d22d7b20b"}
2017-03-21 20:31:39,263       [7] ERROR PayPal.Api.HttpConnection [(null)] The remote server returned an error: (400) Bad Request.
2017-03-21 20:31:39,314       [7] ERROR PayPal.PayPalException [(null)] Payments Exception: 
   Error:    VALIDATION_ERROR
   Message:  Invalid request - see details
   URI:      https://developer.paypal.com/docs/api/payments#VALIDATION_ERROR
   Debug ID: 9181d22d7b20b
   Details:  transactions[0] -> Item amount must add up to specified amount subtotal (or total if amount details not specified)

2017-03-21 20:32:32,062       [6] DEBUG PayPal.Api.PayPalResource [(null)] Content-Type:application/x-www-form-urlencoded
2017-03-21 20:32:32,072       [6] DEBUG PayPal.Api.PayPalResource [(null)] User-Agent:PayPalSDK/PayPal-NET-SDK 1.8.0 (lang=DOTNET;v=4.5.1;clr=4.0.30319.42000;bit=64;os=Microsoft Windows NT 10.0.14393.0)
2017-03-21 20:32:32,072       [6] DEBUG PayPal.Api.PayPalResource [(null)] Authorization:Basic QWJ2ajl0dFhzLXJHbUN5bVdoQno5cWtrcXN5YU1LVlN6VVJpZGZRRHUtTGc1YUh1SFFJOUZrZGtkR1gwbWhGUEhoNHVuWTIxeHJKTEpQaHE6RUZBS2hBUmtJQjdiOWZCWDN1YTNzR3V0b3FzaWdCTV92eEVZOS1GZmRKQnlxdkJ1UExLVG5vNHNDdllXaEV4d1o2aGVTcmg5WFBKSWFqYkw=
2017-03-21 20:32:32,072       [6] DEBUG PayPal.Api.PayPalResource [(null)] PayPal-Request-Id:dc808ee6-7319-4924-a15e-fc51284572e0
2017-03-21 20:32:32,164       [6] DEBUG PayPal.Api.HttpConnection [(null)] grant_type=client_credentials
2017-03-21 20:32:32,775       [6] DEBUG PayPal.Api.HttpConnection [(null)] Service response: 
2017-03-21 20:32:32,775       [6] DEBUG PayPal.Api.HttpConnection [(null)] {"scope":"https://uri.paypal.com/services/subscriptions https://api.paypal.com/v1/payments/.* https://api.paypal.com/v1/vault/credit-card https://uri.paypal.com/services/applications/webhooks openid https://uri.paypal.com/payments/payouts https://api.paypal.com/v1/vault/credit-card/.*","nonce":"2017-03-22T00:28:37ZnomYtL_dSx6N93Em3i5CrS5DYUQkm0F-pMtTKl791Nk","access_token":"A101.b_wov5QFXkabdSlnI3P1KntDrdsebhf5Dl36b-E0urdltu9ykNMSLWU7SLPY3xPo.q7zh2_T_-eEL9U3PZZic0BdITVi","token_type":"Bearer","app_id":"APP-80W284485P519543T","expires_in":32162}
2017-03-21 20:32:32,946       [6] DEBUG PayPal.Api.PayPalResource [(null)] Content-Type:application/json
2017-03-21 20:32:32,947       [6] DEBUG PayPal.Api.PayPalResource [(null)] User-Agent:PayPalSDK/PayPal-NET-SDK 1.8.0 (lang=DOTNET;v=4.5.1;clr=4.0.30319.42000;bit=64;os=Microsoft Windows NT 10.0.14393.0)
2017-03-21 20:32:32,947       [6] DEBUG PayPal.Api.PayPalResource [(null)] Authorization:Bearer A101.b_wov5QFXkabdSlnI3P1KntDrdsebhf5Dl36b-E0urdltu9ykNMSLWU7SLPY3xPo.q7zh2_T_-eEL9U3PZZic0BdITVi
2017-03-21 20:32:32,947       [6] DEBUG PayPal.Api.PayPalResource [(null)] PayPal-Request-Id:d5e606db-1a97-4e10-8d5a-aca6fc67f76f
2017-03-21 20:32:33,045       [6] DEBUG PayPal.Api.HttpConnection [(null)] {"intent":"sale","payer":{"payment_method":"paypal"},"transactions":[{"amount":{"currency":"USD","total":"352","details":{"subtotal":"350","shipping":"1","tax":"1"}},"description":"Transaction description.","invoice_number":"your invoice number","item_list":{"items":[{"sku":"sku","name":"Basic Bell","quantity":"1","price":"350","currency":"USD"}]}}],"redirect_urls":{"return_url":"http://localhost:60016/Paypal/PaymentWithPayPal?guid=94298","cancel_url":"http://localhost:60016/Paypal/PaymentWithPayPal?guid=94298"}}
2017-03-21 20:32:33,618       [6] DEBUG PayPal.Api.HttpConnection [(null)] Service response: 
2017-03-21 20:32:33,618       [6] DEBUG PayPal.Api.HttpConnection [(null)] {"id":"PAY-6ER33718CH7449801LDI4MIY","intent":"sale","state":"created","payer":{"payment_method":"paypal"},"transactions":[{"amount":{"total":"352.00","currency":"USD","details":{"subtotal":"350.00","tax":"1.00","shipping":"1.00"}},"description":"Transaction description.","invoice_number":"your invoice number","item_list":{"items":[{"name":"Basic Bell","sku":"sku","price":"350.00","currency":"USD","quantity":1}]},"related_resources":[]}],"create_time":"2017-03-22T00:32:35Z","links":[{"href":"https://api.sandbox.paypal.com/v1/payments/payment/PAY-6ER33718CH7449801LDI4MIY","rel":"self","method":"GET"},{"href":"https://www.sandbox.paypal.com/cgi-bin/webscr?cmd=_express-checkout&token=EC-1TP46062NB6550400","rel":"approval_url","method":"REDIRECT"},{"href":"https://api.sandbox.paypal.com/v1/payments/payment/PAY-6ER33718CH7449801LDI4MIY/execute","rel":"execute","method":"POST"}]}
2017-03-21 20:34:20,489       [12] DEBUG PayPal.Api.PayPalResource [(null)] Content-Type:application/x-www-form-urlencoded
2017-03-21 20:34:20,498       [12] DEBUG PayPal.Api.PayPalResource [(null)] User-Agent:PayPalSDK/PayPal-NET-SDK 1.8.0 (lang=DOTNET;v=4.5.1;clr=4.0.30319.42000;bit=64;os=Microsoft Windows NT 10.0.14393.0)
2017-03-21 20:34:20,498       [12] DEBUG PayPal.Api.PayPalResource [(null)] Authorization:Basic QWJ2ajl0dFhzLXJHbUN5bVdoQno5cWtrcXN5YU1LVlN6VVJpZGZRRHUtTGc1YUh1SFFJOUZrZGtkR1gwbWhGUEhoNHVuWTIxeHJKTEpQaHE6RUZBS2hBUmtJQjdiOWZCWDN1YTNzR3V0b3FzaWdCTV92eEVZOS1GZmRKQnlxdkJ1UExLVG5vNHNDdllXaEV4d1o2aGVTcmg5WFBKSWFqYkw=
2017-03-21 20:34:20,498       [12] DEBUG PayPal.Api.PayPalResource [(null)] PayPal-Request-Id:b7fe8a29-82e9-4265-a2f6-9a02e3d71b44
2017-03-21 20:34:21,635       [12] DEBUG PayPal.Api.HttpConnection [(null)] grant_type=client_credentials
2017-03-21 20:34:22,022       [12] DEBUG PayPal.Api.HttpConnection [(null)] Service response: 
2017-03-21 20:34:22,023       [12] DEBUG PayPal.Api.HttpConnection [(null)] {"scope":"https://uri.paypal.com/services/subscriptions https://api.paypal.com/v1/payments/.* https://api.paypal.com/v1/vault/credit-card https://uri.paypal.com/services/applications/webhooks openid https://uri.paypal.com/payments/payouts https://api.paypal.com/v1/vault/credit-card/.*","nonce":"2017-03-22T00:28:37ZnomYtL_dSx6N93Em3i5CrS5DYUQkm0F-pMtTKl791Nk","access_token":"A101.b_wov5QFXkabdSlnI3P1KntDrdsebhf5Dl36b-E0urdltu9ykNMSLWU7SLPY3xPo.q7zh2_T_-eEL9U3PZZic0BdITVi","token_type":"Bearer","app_id":"APP-80W284485P519543T","expires_in":32053}
2017-03-21 20:34:22,184       [12] DEBUG PayPal.Api.PayPalResource [(null)] Content-Type:application/json
2017-03-21 20:34:22,184       [12] DEBUG PayPal.Api.PayPalResource [(null)] User-Agent:PayPalSDK/PayPal-NET-SDK 1.8.0 (lang=DOTNET;v=4.5.1;clr=4.0.30319.42000;bit=64;os=Microsoft Windows NT 10.0.14393.0)
2017-03-21 20:34:22,185       [12] DEBUG PayPal.Api.PayPalResource [(null)] Authorization:Bearer A101.b_wov5QFXkabdSlnI3P1KntDrdsebhf5Dl36b-E0urdltu9ykNMSLWU7SLPY3xPo.q7zh2_T_-eEL9U3PZZic0BdITVi
2017-03-21 20:34:22,185       [12] DEBUG PayPal.Api.PayPalResource [(null)] PayPal-Request-Id:323d4e14-a23a-49f6-8a65-abeae2e6c1ed
2017-03-21 20:34:22,265       [12] DEBUG PayPal.Api.HttpConnection [(null)] {"intent":"sale","payer":{"payment_method":"paypal"},"transactions":[{"amount":{"currency":"USD","total":"1132","details":{"subtotal":"1130","shipping":"1","tax":"1"}},"description":"Transaction description.","invoice_number":"your invoice number","item_list":{"items":[{"sku":"sku","name":"Basic Bell","quantity":"1","price":"250","currency":"USD"},{"sku":"sku","name":"Nokia Lumia","quantity":"1","price":"350","currency":"USD"},{"sku":"sku","name":"Apple Iphone","quantity":"1","price":"530","currency":"USD"}]}}],"redirect_urls":{"return_url":"http://localhost:60016/Paypal/PaymentWithPayPal?guid=90856","cancel_url":"http://localhost:60016/Paypal/PaymentWithPayPal?guid=90856"}}
2017-03-21 20:34:22,815       [12] DEBUG PayPal.Api.HttpConnection [(null)] Service response: 
2017-03-21 20:34:22,815       [12] DEBUG PayPal.Api.HttpConnection [(null)] {"id":"PAY-4HF52750YD8080043LDI4NEI","intent":"sale","state":"created","payer":{"payment_method":"paypal"},"transactions":[{"amount":{"total":"1132.00","currency":"USD","details":{"subtotal":"1130.00","tax":"1.00","shipping":"1.00"}},"description":"Transaction description.","invoice_number":"your invoice number","item_list":{"items":[{"name":"Basic Bell","sku":"sku","price":"250.00","currency":"USD","quantity":1},{"name":"Nokia Lumia","sku":"sku","price":"350.00","currency":"USD","quantity":1},{"name":"Apple Iphone","sku":"sku","price":"530.00","currency":"USD","quantity":1}]},"related_resources":[]}],"create_time":"2017-03-22T00:34:24Z","links":[{"href":"https://api.sandbox.paypal.com/v1/payments/payment/PAY-4HF52750YD8080043LDI4NEI","rel":"self","method":"GET"},{"href":"https://www.sandbox.paypal.com/cgi-bin/webscr?cmd=_express-checkout&token=EC-2EC5570445058235G","rel":"approval_url","method":"REDIRECT"},{"href":"https://api.sandbox.paypal.com/v1/payments/payment/PAY-4HF52750YD8080043LDI4NEI/execute","rel":"execute","method":"POST"}]}
2017-04-09 22:47:47,965       [8] DEBUG PayPal.Api.PayPalResource [(null)] Content-Type:application/x-www-form-urlencoded
2017-04-09 22:47:47,976       [8] DEBUG PayPal.Api.PayPalResource [(null)] User-Agent:PayPalSDK/PayPal-NET-SDK 1.8.0 (lang=DOTNET;v=4.5.1;clr=4.0.30319.42000;bit=64;os=Microsoft Windows NT 10.0.14393.0)
2017-04-09 22:47:47,976       [8] DEBUG PayPal.Api.PayPalResource [(null)] Authorization:Basic QWJ2ajl0dFhzLXJHbUN5bVdoQno5cWtrcXN5YU1LVlN6VVJpZGZRRHUtTGc1YUh1SFFJOUZrZGtkR1gwbWhGUEhoNHVuWTIxeHJKTEpQaHE6RUZBS2hBUmtJQjdiOWZCWDN1YTNzR3V0b3FzaWdCTV92eEVZOS1GZmRKQnlxdkJ1UExLVG5vNHNDdllXaEV4d1o2aGVTcmg5WFBKSWFqYkw=
2017-04-09 22:47:47,976       [8] DEBUG PayPal.Api.PayPalResource [(null)] PayPal-Request-Id:3c7bc0f8-2ad6-46b8-8d80-32561526f371
2017-04-09 22:47:48,096       [8] DEBUG PayPal.Api.HttpConnection [(null)] grant_type=client_credentials
2017-04-09 22:47:48,835       [8] DEBUG PayPal.Api.HttpConnection [(null)] Service response: 
2017-04-09 22:47:48,835       [8] DEBUG PayPal.Api.HttpConnection [(null)] {"scope":"https://uri.paypal.com/services/subscriptions https://api.paypal.com/v1/payments/.* https://api.paypal.com/v1/vault/credit-card https://uri.paypal.com/services/applications/webhooks openid https://uri.paypal.com/payments/payouts https://api.paypal.com/v1/vault/credit-card/.*","nonce":"2017-04-10T02:47:46ZbujQ0ALqvw9nQziZaVq2Sa8GT1YqK3BbalSHX-burYo","access_token":"A21AAHPrtuXo1cKsX3MsO9tStfb7mUAUzlsDuXWszZjPzMd14kE3ezTXNyMReGp-rISX7ypT8qpVzavv313eEJZ_5rEyuI2GA","token_type":"Bearer","app_id":"APP-80W284485P519543T","expires_in":32400}
2017-04-09 22:47:49,000       [8] DEBUG PayPal.Api.PayPalResource [(null)] Content-Type:application/json
2017-04-09 22:47:49,000       [8] DEBUG PayPal.Api.PayPalResource [(null)] User-Agent:PayPalSDK/PayPal-NET-SDK 1.8.0 (lang=DOTNET;v=4.5.1;clr=4.0.30319.42000;bit=64;os=Microsoft Windows NT 10.0.14393.0)
2017-04-09 22:47:49,000       [8] DEBUG PayPal.Api.PayPalResource [(null)] Authorization:Bearer A21AAHPrtuXo1cKsX3MsO9tStfb7mUAUzlsDuXWszZjPzMd14kE3ezTXNyMReGp-rISX7ypT8qpVzavv313eEJZ_5rEyuI2GA
2017-04-09 22:47:49,000       [8] DEBUG PayPal.Api.PayPalResource [(null)] PayPal-Request-Id:073c63a6-a3df-410b-a52f-5ecdd9d3e0e4
2017-04-09 22:47:49,090       [8] DEBUG PayPal.Api.HttpConnection [(null)] {"intent":"sale","payer":{"payment_method":"paypal"},"transactions":[{"amount":{"currency":"USD","total":"1132","details":{"subtotal":"1130","shipping":"1","tax":"1"}},"description":"Transaction description.","invoice_number":"your invoice number","item_list":{"items":[{"sku":"sku","name":"Basic Bell","quantity":"1","price":"250","currency":"USD"},{"sku":"sku","name":"Nokia Lumia","quantity":"1","price":"350","currency":"USD"},{"sku":"sku","name":"Apple Iphone","quantity":"1","price":"530","currency":"USD"}]}}],"redirect_urls":{"return_url":"http://localhost:60016/Paypal/PaymentWithPayPal?guid=26675","cancel_url":"http://localhost:60016/Paypal/PaymentWithPayPal?guid=26675"}}
2017-04-09 22:47:49,733       [8] DEBUG PayPal.Api.HttpConnection [(null)] Service response: 
2017-04-09 22:47:49,734       [8] DEBUG PayPal.Api.HttpConnection [(null)] {"id":"PAY-5EP65530X6709872BLDVPEUY","intent":"sale","state":"created","payer":{"payment_method":"paypal"},"transactions":[{"amount":{"total":"1132.00","currency":"USD","details":{"subtotal":"1130.00","tax":"1.00","shipping":"1.00"}},"description":"Transaction description.","invoice_number":"your invoice number","item_list":{"items":[{"name":"Basic Bell","sku":"sku","price":"250.00","currency":"USD","quantity":1},{"name":"Nokia Lumia","sku":"sku","price":"350.00","currency":"USD","quantity":1},{"name":"Apple Iphone","sku":"sku","price":"530.00","currency":"USD","quantity":1}]},"related_resources":[]}],"create_time":"2017-04-10T02:47:47Z","links":[{"href":"https://api.sandbox.paypal.com/v1/payments/payment/PAY-5EP65530X6709872BLDVPEUY","rel":"self","method":"GET"},{"href":"https://www.sandbox.paypal.com/cgi-bin/webscr?cmd=_express-checkout&token=EC-97695530Y17336447","rel":"approval_url","method":"REDIRECT"},{"href":"https://api.sandbox.paypal.com/v1/payments/payment/PAY-5EP65530X6709872BLDVPEUY/execute","rel":"execute","method":"POST"}]}
2017-04-09 22:49:11,923       [7] DEBUG PayPal.Api.PayPalResource [(null)] Content-Type:application/x-www-form-urlencoded
2017-04-09 22:49:11,924       [7] DEBUG PayPal.Api.PayPalResource [(null)] User-Agent:PayPalSDK/PayPal-NET-SDK 1.8.0 (lang=DOTNET;v=4.5.1;clr=4.0.30319.42000;bit=64;os=Microsoft Windows NT 10.0.14393.0)
2017-04-09 22:49:11,924       [7] DEBUG PayPal.Api.PayPalResource [(null)] Authorization:Basic QWJ2ajl0dFhzLXJHbUN5bVdoQno5cWtrcXN5YU1LVlN6VVJpZGZRRHUtTGc1YUh1SFFJOUZrZGtkR1gwbWhGUEhoNHVuWTIxeHJKTEpQaHE6RUZBS2hBUmtJQjdiOWZCWDN1YTNzR3V0b3FzaWdCTV92eEVZOS1GZmRKQnlxdkJ1UExLVG5vNHNDdllXaEV4d1o2aGVTcmg5WFBKSWFqYkw=
2017-04-09 22:49:11,924       [7] DEBUG PayPal.Api.PayPalResource [(null)] PayPal-Request-Id:d7d774fe-ff61-4836-857d-2372a5da945a
2017-04-09 22:49:12,015       [7] DEBUG PayPal.Api.HttpConnection [(null)] grant_type=client_credentials
2017-04-09 22:49:12,336       [7] DEBUG PayPal.Api.HttpConnection [(null)] Service response: 
2017-04-09 22:49:12,336       [7] DEBUG PayPal.Api.HttpConnection [(null)] {"scope":"https://uri.paypal.com/services/subscriptions https://api.paypal.com/v1/payments/.* https://api.paypal.com/v1/vault/credit-card https://uri.paypal.com/services/applications/webhooks openid https://uri.paypal.com/payments/payouts https://api.paypal.com/v1/vault/credit-card/.*","nonce":"2017-04-10T02:47:46ZbujQ0ALqvw9nQziZaVq2Sa8GT1YqK3BbalSHX-burYo","access_token":"A21AAHPrtuXo1cKsX3MsO9tStfb7mUAUzlsDuXWszZjPzMd14kE3ezTXNyMReGp-rISX7ypT8qpVzavv313eEJZ_5rEyuI2GA","token_type":"Bearer","app_id":"APP-80W284485P519543T","expires_in":32316}
2017-04-09 22:49:12,337       [7] DEBUG PayPal.Api.PayPalResource [(null)] Content-Type:application/json
2017-04-09 22:49:12,337       [7] DEBUG PayPal.Api.PayPalResource [(null)] User-Agent:PayPalSDK/PayPal-NET-SDK 1.8.0 (lang=DOTNET;v=4.5.1;clr=4.0.30319.42000;bit=64;os=Microsoft Windows NT 10.0.14393.0)
2017-04-09 22:49:12,337       [7] DEBUG PayPal.Api.PayPalResource [(null)] Authorization:Bearer A21AAHPrtuXo1cKsX3MsO9tStfb7mUAUzlsDuXWszZjPzMd14kE3ezTXNyMReGp-rISX7ypT8qpVzavv313eEJZ_5rEyuI2GA
2017-04-09 22:49:12,337       [7] DEBUG PayPal.Api.PayPalResource [(null)] PayPal-Request-Id:a29f13cd-a1f6-41d7-868b-5d58e3e7cc19
2017-04-09 22:49:12,432       [7] DEBUG PayPal.Api.HttpConnection [(null)] {"intent":"sale","payer":{"payment_method":"paypal"},"transactions":[{"amount":{"currency":"USD","total":"1132","details":{"subtotal":"1130","shipping":"1","tax":"1"}},"description":"Transaction description.","invoice_number":"your invoice number","item_list":{"items":[{"sku":"sku","name":"Basic Bell","quantity":"1","price":"250","currency":"USD"},{"sku":"sku","name":"Nokia Lumia","quantity":"1","price":"350","currency":"USD"},{"sku":"sku","name":"Apple Iphone","quantity":"1","price":"530","currency":"USD"}]}}],"redirect_urls":{"return_url":"http://localhost:60016/Paypal/PaymentWithPayPal?guid=30701","cancel_url":"http://localhost:60016/Paypal/PaymentWithPayPal?guid=30701"}}
2017-04-09 22:49:13,055       [7] DEBUG PayPal.Api.HttpConnection [(null)] Service response: 
2017-04-09 22:49:13,055       [7] DEBUG PayPal.Api.HttpConnection [(null)] {"id":"PAY-6S942887J0545822SLDVPFJY","intent":"sale","state":"created","payer":{"payment_method":"paypal"},"transactions":[{"amount":{"total":"1132.00","currency":"USD","details":{"subtotal":"1130.00","tax":"1.00","shipping":"1.00"}},"description":"Transaction description.","invoice_number":"your invoice number","item_list":{"items":[{"name":"Basic Bell","sku":"sku","price":"250.00","currency":"USD","quantity":1},{"name":"Nokia Lumia","sku":"sku","price":"350.00","currency":"USD","quantity":1},{"name":"Apple Iphone","sku":"sku","price":"530.00","currency":"USD","quantity":1}]},"related_resources":[]}],"create_time":"2017-04-10T02:49:10Z","links":[{"href":"https://api.sandbox.paypal.com/v1/payments/payment/PAY-6S942887J0545822SLDVPFJY","rel":"self","method":"GET"},{"href":"https://www.sandbox.paypal.com/cgi-bin/webscr?cmd=_express-checkout&token=EC-2TF84750HN028660X","rel":"approval_url","method":"REDIRECT"},{"href":"https://api.sandbox.paypal.com/v1/payments/payment/PAY-6S942887J0545822SLDVPFJY/execute","rel":"execute","method":"POST"}]}
2017-04-09 22:57:27,855       [8] DEBUG PayPal.Api.PayPalResource [(null)] Content-Type:application/x-www-form-urlencoded
2017-04-09 22:57:27,865       [8] DEBUG PayPal.Api.PayPalResource [(null)] User-Agent:PayPalSDK/PayPal-NET-SDK 1.8.0 (lang=DOTNET;v=4.5.1;clr=4.0.30319.42000;bit=64;os=Microsoft Windows NT 10.0.14393.0)
2017-04-09 22:57:27,865       [8] DEBUG PayPal.Api.PayPalResource [(null)] Authorization:Basic QWJ2ajl0dFhzLXJHbUN5bVdoQno5cWtrcXN5YU1LVlN6VVJpZGZRRHUtTGc1YUh1SFFJOUZrZGtkR1gwbWhGUEhoNHVuWTIxeHJKTEpQaHE6RUZBS2hBUmtJQjdiOWZCWDN1YTNzR3V0b3FzaWdCTV92eEVZOS1GZmRKQnlxdkJ1UExLVG5vNHNDdllXaEV4d1o2aGVTcmg5WFBKSWFqYkw=
2017-04-09 22:57:27,865       [8] DEBUG PayPal.Api.PayPalResource [(null)] PayPal-Request-Id:b01745ec-1ba9-4f21-a977-40fd0f12729e
2017-04-09 22:57:27,989       [8] DEBUG PayPal.Api.HttpConnection [(null)] grant_type=client_credentials
2017-04-09 22:57:28,434       [8] DEBUG PayPal.Api.HttpConnection [(null)] Service response: 
2017-04-09 22:57:28,434       [8] DEBUG PayPal.Api.HttpConnection [(null)] {"scope":"https://uri.paypal.com/services/subscriptions https://api.paypal.com/v1/payments/.* https://api.paypal.com/v1/vault/credit-card https://uri.paypal.com/services/applications/webhooks openid https://uri.paypal.com/payments/payouts https://api.paypal.com/v1/vault/credit-card/.*","nonce":"2017-04-10T02:47:46ZbujQ0ALqvw9nQziZaVq2Sa8GT1YqK3BbalSHX-burYo","access_token":"A21AAHPrtuXo1cKsX3MsO9tStfb7mUAUzlsDuXWszZjPzMd14kE3ezTXNyMReGp-rISX7ypT8qpVzavv313eEJZ_5rEyuI2GA","token_type":"Bearer","app_id":"APP-80W284485P519543T","expires_in":31820}
2017-04-09 22:57:28,604       [8] DEBUG PayPal.Api.PayPalResource [(null)] Content-Type:application/json
2017-04-09 22:57:28,605       [8] DEBUG PayPal.Api.PayPalResource [(null)] User-Agent:PayPalSDK/PayPal-NET-SDK 1.8.0 (lang=DOTNET;v=4.5.1;clr=4.0.30319.42000;bit=64;os=Microsoft Windows NT 10.0.14393.0)
2017-04-09 22:57:28,605       [8] DEBUG PayPal.Api.PayPalResource [(null)] Authorization:Bearer A21AAHPrtuXo1cKsX3MsO9tStfb7mUAUzlsDuXWszZjPzMd14kE3ezTXNyMReGp-rISX7ypT8qpVzavv313eEJZ_5rEyuI2GA
2017-04-09 22:57:28,605       [8] DEBUG PayPal.Api.PayPalResource [(null)] PayPal-Request-Id:3ab601b7-1b1a-4329-beaa-18b996ba6fd0
2017-04-09 22:57:28,696       [8] DEBUG PayPal.Api.HttpConnection [(null)] {"intent":"sale","payer":{"payment_method":"paypal"},"transactions":[{"amount":{"currency":"USD","total":"1132","details":{"subtotal":"1130","shipping":"1","tax":"1"}},"description":"Transaction description.","invoice_number":"your invoice number","item_list":{"items":[{"sku":"sku","name":"Basic Bell","quantity":"1","price":"250","currency":"USD"},{"sku":"sku","name":"Nokia Lumia","quantity":"1","price":"350","currency":"USD"},{"sku":"sku","name":"Apple Iphone","quantity":"1","price":"530","currency":"USD"}]}}],"redirect_urls":{"return_url":"http://localhost:60016/Paypal/PaymentWithPayPal?guid=68920","cancel_url":"http://localhost:60016/Paypal/PaymentWithPayPal?guid=68920"}}
2017-04-09 22:57:29,315       [8] DEBUG PayPal.Api.HttpConnection [(null)] Service response: 
2017-04-09 22:57:29,316       [8] DEBUG PayPal.Api.HttpConnection [(null)] {"id":"PAY-5TS66159N0478743FLDVPJFY","intent":"sale","state":"created","payer":{"payment_method":"paypal"},"transactions":[{"amount":{"total":"1132.00","currency":"USD","details":{"subtotal":"1130.00","tax":"1.00","shipping":"1.00"}},"description":"Transaction description.","invoice_number":"your invoice number","item_list":{"items":[{"name":"Basic Bell","sku":"sku","price":"250.00","currency":"USD","quantity":1},{"name":"Nokia Lumia","sku":"sku","price":"350.00","currency":"USD","quantity":1},{"name":"Apple Iphone","sku":"sku","price":"530.00","currency":"USD","quantity":1}]},"related_resources":[]}],"create_time":"2017-04-10T02:57:27Z","links":[{"href":"https://api.sandbox.paypal.com/v1/payments/payment/PAY-5TS66159N0478743FLDVPJFY","rel":"self","method":"GET"},{"href":"https://www.sandbox.paypal.com/cgi-bin/webscr?cmd=_express-checkout&token=EC-1SK742545G428634K","rel":"approval_url","method":"REDIRECT"},{"href":"https://api.sandbox.paypal.com/v1/payments/payment/PAY-5TS66159N0478743FLDVPJFY/execute","rel":"execute","method":"POST"}]}
2017-04-09 22:58:10,677       [7] DEBUG PayPal.Api.PayPalResource [(null)] Content-Type:application/x-www-form-urlencoded
2017-04-09 22:58:10,678       [7] DEBUG PayPal.Api.PayPalResource [(null)] User-Agent:PayPalSDK/PayPal-NET-SDK 1.8.0 (lang=DOTNET;v=4.5.1;clr=4.0.30319.42000;bit=64;os=Microsoft Windows NT 10.0.14393.0)
2017-04-09 22:58:10,678       [7] DEBUG PayPal.Api.PayPalResource [(null)] Authorization:Basic QWJ2ajl0dFhzLXJHbUN5bVdoQno5cWtrcXN5YU1LVlN6VVJpZGZRRHUtTGc1YUh1SFFJOUZrZGtkR1gwbWhGUEhoNHVuWTIxeHJKTEpQaHE6RUZBS2hBUmtJQjdiOWZCWDN1YTNzR3V0b3FzaWdCTV92eEVZOS1GZmRKQnlxdkJ1UExLVG5vNHNDdllXaEV4d1o2aGVTcmg5WFBKSWFqYkw=
2017-04-09 22:58:10,678       [7] DEBUG PayPal.Api.PayPalResource [(null)] PayPal-Request-Id:bb5f50f0-cd9d-4cdb-8f61-785cf0aefca5
2017-04-09 22:58:10,767       [7] DEBUG PayPal.Api.HttpConnection [(null)] grant_type=client_credentials
2017-04-09 22:58:11,074       [7] DEBUG PayPal.Api.HttpConnection [(null)] Service response: 
2017-04-09 22:58:11,074       [7] DEBUG PayPal.Api.HttpConnection [(null)] {"scope":"https://uri.paypal.com/services/subscriptions https://api.paypal.com/v1/payments/.* https://api.paypal.com/v1/vault/credit-card https://uri.paypal.com/services/applications/webhooks openid https://uri.paypal.com/payments/payouts https://api.paypal.com/v1/vault/credit-card/.*","nonce":"2017-04-10T02:47:46ZbujQ0ALqvw9nQziZaVq2Sa8GT1YqK3BbalSHX-burYo","access_token":"A21AAHPrtuXo1cKsX3MsO9tStfb7mUAUzlsDuXWszZjPzMd14kE3ezTXNyMReGp-rISX7ypT8qpVzavv313eEJZ_5rEyuI2GA","token_type":"Bearer","app_id":"APP-80W284485P519543T","expires_in":31777}
2017-04-09 22:58:11,077       [7] DEBUG PayPal.Api.PayPalResource [(null)] Content-Type:application/json
2017-04-09 22:58:11,077       [7] DEBUG PayPal.Api.PayPalResource [(null)] User-Agent:PayPalSDK/PayPal-NET-SDK 1.8.0 (lang=DOTNET;v=4.5.1;clr=4.0.30319.42000;bit=64;os=Microsoft Windows NT 10.0.14393.0)
2017-04-09 22:58:11,078       [7] DEBUG PayPal.Api.PayPalResource [(null)] Authorization:Bearer A21AAHPrtuXo1cKsX3MsO9tStfb7mUAUzlsDuXWszZjPzMd14kE3ezTXNyMReGp-rISX7ypT8qpVzavv313eEJZ_5rEyuI2GA
2017-04-09 22:58:11,078       [7] DEBUG PayPal.Api.PayPalResource [(null)] PayPal-Request-Id:c9c83531-2ca1-4935-b7a2-4d21dd3cc239
2017-04-09 22:58:11,169       [7] DEBUG PayPal.Api.HttpConnection [(null)] {"payer_id":"Q5SWBDFZYY3PA"}
2017-04-09 22:58:12,058       [7] ERROR PayPal.Api.HttpConnection [(null)] Error response:
2017-04-09 22:58:12,058       [7] ERROR PayPal.Api.HttpConnection [(null)] {"name":"DUPLICATE_TRANSACTION","details":[],"message":"Duplicate invoice Id detected.","information_link":"https://developer.paypal.com/docs/api/payments/#errors","debug_id":"472e4d206b924"}
2017-04-09 22:58:12,058       [7] ERROR PayPal.Api.HttpConnection [(null)] The remote server returned an error: (400) Bad Request.
2017-04-09 22:58:12,064       [7] ERROR PayPal.PayPalException [(null)] Payments Exception: 
   Error:    DUPLICATE_TRANSACTION
   Message:  Duplicate invoice Id detected.
   URI:      https://developer.paypal.com/docs/api/payments/#errors
   Debug ID: 472e4d206b924

2017-04-09 22:59:00,496       [7] DEBUG PayPal.Api.PayPalResource [(null)] Content-Type:application/x-www-form-urlencoded
2017-04-09 22:59:00,497       [7] DEBUG PayPal.Api.PayPalResource [(null)] User-Agent:PayPalSDK/PayPal-NET-SDK 1.8.0 (lang=DOTNET;v=4.5.1;clr=4.0.30319.42000;bit=64;os=Microsoft Windows NT 10.0.14393.0)
2017-04-09 22:59:00,497       [7] DEBUG PayPal.Api.PayPalResource [(null)] Authorization:Basic QWJ2ajl0dFhzLXJHbUN5bVdoQno5cWtrcXN5YU1LVlN6VVJpZGZRRHUtTGc1YUh1SFFJOUZrZGtkR1gwbWhGUEhoNHVuWTIxeHJKTEpQaHE6RUZBS2hBUmtJQjdiOWZCWDN1YTNzR3V0b3FzaWdCTV92eEVZOS1GZmRKQnlxdkJ1UExLVG5vNHNDdllXaEV4d1o2aGVTcmg5WFBKSWFqYkw=
2017-04-09 22:59:00,497       [7] DEBUG PayPal.Api.PayPalResource [(null)] PayPal-Request-Id:43e5bb5a-ad28-4e6d-97d0-b54d603cab4d
2017-04-09 22:59:00,587       [7] DEBUG PayPal.Api.HttpConnection [(null)] grant_type=client_credentials
2017-04-09 22:59:00,899       [7] DEBUG PayPal.Api.HttpConnection [(null)] Service response: 
2017-04-09 22:59:00,899       [7] DEBUG PayPal.Api.HttpConnection [(null)] {"scope":"https://uri.paypal.com/services/subscriptions https://api.paypal.com/v1/payments/.* https://api.paypal.com/v1/vault/credit-card https://uri.paypal.com/services/applications/webhooks openid https://uri.paypal.com/payments/payouts https://api.paypal.com/v1/vault/credit-card/.*","nonce":"2017-04-10T02:47:46ZbujQ0ALqvw9nQziZaVq2Sa8GT1YqK3BbalSHX-burYo","access_token":"A21AAHPrtuXo1cKsX3MsO9tStfb7mUAUzlsDuXWszZjPzMd14kE3ezTXNyMReGp-rISX7ypT8qpVzavv313eEJZ_5rEyuI2GA","token_type":"Bearer","app_id":"APP-80W284485P519543T","expires_in":31728}
2017-04-09 22:59:00,899       [7] DEBUG PayPal.Api.PayPalResource [(null)] Content-Type:application/json
2017-04-09 22:59:00,899       [7] DEBUG PayPal.Api.PayPalResource [(null)] User-Agent:PayPalSDK/PayPal-NET-SDK 1.8.0 (lang=DOTNET;v=4.5.1;clr=4.0.30319.42000;bit=64;os=Microsoft Windows NT 10.0.14393.0)
2017-04-09 22:59:00,899       [7] DEBUG PayPal.Api.PayPalResource [(null)] Authorization:Bearer A21AAHPrtuXo1cKsX3MsO9tStfb7mUAUzlsDuXWszZjPzMd14kE3ezTXNyMReGp-rISX7ypT8qpVzavv313eEJZ_5rEyuI2GA
2017-04-09 22:59:00,900       [7] DEBUG PayPal.Api.PayPalResource [(null)] PayPal-Request-Id:adb59762-9981-4003-a6c9-202366981b72
2017-04-09 22:59:00,994       [7] DEBUG PayPal.Api.HttpConnection [(null)] {"payer_id":"Q5SWBDFZYY3PA"}
2017-04-09 22:59:01,905       [7] ERROR PayPal.Api.HttpConnection [(null)] Error response:
2017-04-09 22:59:01,905       [7] ERROR PayPal.Api.HttpConnection [(null)] {"name":"DUPLICATE_TRANSACTION","details":[],"message":"Duplicate invoice Id detected.","information_link":"https://developer.paypal.com/docs/api/payments/#errors","debug_id":"eef8089e42b7f"}
2017-04-09 22:59:01,906       [7] ERROR PayPal.Api.HttpConnection [(null)] The remote server returned an error: (400) Bad Request.
2017-04-09 22:59:01,906       [7] ERROR PayPal.PayPalException [(null)] Payments Exception: 
   Error:    DUPLICATE_TRANSACTION
   Message:  Duplicate invoice Id detected.
   URI:      https://developer.paypal.com/docs/api/payments/#errors
   Debug ID: eef8089e42b7f

2017-04-09 23:03:55,416       [7] DEBUG PayPal.Api.PayPalResource [(null)] Content-Type:application/x-www-form-urlencoded
2017-04-09 23:03:55,425       [7] DEBUG PayPal.Api.PayPalResource [(null)] User-Agent:PayPalSDK/PayPal-NET-SDK 1.8.0 (lang=DOTNET;v=4.5.1;clr=4.0.30319.42000;bit=64;os=Microsoft Windows NT 10.0.14393.0)
2017-04-09 23:03:55,425       [7] DEBUG PayPal.Api.PayPalResource [(null)] Authorization:Basic QWJ2ajl0dFhzLXJHbUN5bVdoQno5cWtrcXN5YU1LVlN6VVJpZGZRRHUtTGc1YUh1SFFJOUZrZGtkR1gwbWhGUEhoNHVuWTIxeHJKTEpQaHE6RUZBS2hBUmtJQjdiOWZCWDN1YTNzR3V0b3FzaWdCTV92eEVZOS1GZmRKQnlxdkJ1UExLVG5vNHNDdllXaEV4d1o2aGVTcmg5WFBKSWFqYkw=
2017-04-09 23:03:55,425       [7] DEBUG PayPal.Api.PayPalResource [(null)] PayPal-Request-Id:d3a0e0f0-a946-4445-ad5c-6ee430453f80
2017-04-09 23:03:55,540       [7] DEBUG PayPal.Api.HttpConnection [(null)] grant_type=client_credentials
2017-04-09 23:03:56,111       [7] DEBUG PayPal.Api.HttpConnection [(null)] Service response: 
2017-04-09 23:03:56,111       [7] DEBUG PayPal.Api.HttpConnection [(null)] {"scope":"https://uri.paypal.com/services/subscriptions https://api.paypal.com/v1/payments/.* https://api.paypal.com/v1/vault/credit-card https://uri.paypal.com/services/applications/webhooks openid https://uri.paypal.com/payments/payouts https://api.paypal.com/v1/vault/credit-card/.*","nonce":"2017-04-10T03:03:54ZENg9PNkqUt064qNbU8RdhVtOvM1b72TRtBAZfZc8Kds","access_token":"A21AAHEeM43ukwwJaHo_nUNN34e4BUTaybEemlFafMaQE3iv8qGe6bcAeDEKk6k0eZxdKaoG1sh9CABF8ziH1t3FlMnjgEvuA","token_type":"Bearer","app_id":"APP-80W284485P519543T","expires_in":32400}
2017-04-09 23:03:56,280       [7] DEBUG PayPal.Api.PayPalResource [(null)] Content-Type:application/json
2017-04-09 23:03:56,280       [7] DEBUG PayPal.Api.PayPalResource [(null)] User-Agent:PayPalSDK/PayPal-NET-SDK 1.8.0 (lang=DOTNET;v=4.5.1;clr=4.0.30319.42000;bit=64;os=Microsoft Windows NT 10.0.14393.0)
2017-04-09 23:03:56,280       [7] DEBUG PayPal.Api.PayPalResource [(null)] Authorization:Bearer A21AAHEeM43ukwwJaHo_nUNN34e4BUTaybEemlFafMaQE3iv8qGe6bcAeDEKk6k0eZxdKaoG1sh9CABF8ziH1t3FlMnjgEvuA
2017-04-09 23:03:56,280       [7] DEBUG PayPal.Api.PayPalResource [(null)] PayPal-Request-Id:8f74d27a-f9b7-4720-a8af-2ffda2d48d32
2017-04-09 23:03:56,375       [7] DEBUG PayPal.Api.HttpConnection [(null)] {"intent":"sale","payer":{"payment_method":"paypal"},"transactions":[{"amount":{"currency":"USD","total":"1132","details":{"subtotal":"1130","shipping":"1","tax":"1"}},"description":"Transaction description.","invoice_number":"your invoice number","item_list":{"items":[{"sku":"sku","name":"Basic Bell","quantity":"1","price":"250","currency":"USD"},{"sku":"sku","name":"Nokia Lumia","quantity":"1","price":"350","currency":"USD"},{"sku":"sku","name":"Apple Iphone","quantity":"1","price":"530","currency":"USD"}]}}],"redirect_urls":{"return_url":"http://localhost:60016/Paypal/PaymentWithPayPal?guid=18642","cancel_url":"http://localhost:60016/Paypal/PaymentWithPayPal?guid=18642"}}
2017-04-09 23:03:56,996       [7] DEBUG PayPal.Api.HttpConnection [(null)] Service response: 
2017-04-09 23:03:56,996       [7] DEBUG PayPal.Api.HttpConnection [(null)] {"id":"PAY-6BK24004US245203JLDVPMGQ","intent":"sale","state":"created","payer":{"payment_method":"paypal"},"transactions":[{"amount":{"total":"1132.00","currency":"USD","details":{"subtotal":"1130.00","tax":"1.00","shipping":"1.00"}},"description":"Transaction description.","invoice_number":"your invoice number","item_list":{"items":[{"name":"Basic Bell","sku":"sku","price":"250.00","currency":"USD","quantity":1},{"name":"Nokia Lumia","sku":"sku","price":"350.00","currency":"USD","quantity":1},{"name":"Apple Iphone","sku":"sku","price":"530.00","currency":"USD","quantity":1}]},"related_resources":[]}],"create_time":"2017-04-10T03:03:54Z","links":[{"href":"https://api.sandbox.paypal.com/v1/payments/payment/PAY-6BK24004US245203JLDVPMGQ","rel":"self","method":"GET"},{"href":"https://www.sandbox.paypal.com/cgi-bin/webscr?cmd=_express-checkout&token=EC-9X1506033R855705P","rel":"approval_url","method":"REDIRECT"},{"href":"https://api.sandbox.paypal.com/v1/payments/payment/PAY-6BK24004US245203JLDVPMGQ/execute","rel":"execute","method":"POST"}]}
2017-04-09 23:04:05,731       [8] DEBUG PayPal.Api.PayPalResource [(null)] Content-Type:application/x-www-form-urlencoded
2017-04-09 23:04:05,731       [8] DEBUG PayPal.Api.PayPalResource [(null)] User-Agent:PayPalSDK/PayPal-NET-SDK 1.8.0 (lang=DOTNET;v=4.5.1;clr=4.0.30319.42000;bit=64;os=Microsoft Windows NT 10.0.14393.0)
2017-04-09 23:04:05,731       [8] DEBUG PayPal.Api.PayPalResource [(null)] Authorization:Basic QWJ2ajl0dFhzLXJHbUN5bVdoQno5cWtrcXN5YU1LVlN6VVJpZGZRRHUtTGc1YUh1SFFJOUZrZGtkR1gwbWhGUEhoNHVuWTIxeHJKTEpQaHE6RUZBS2hBUmtJQjdiOWZCWDN1YTNzR3V0b3FzaWdCTV92eEVZOS1GZmRKQnlxdkJ1UExLVG5vNHNDdllXaEV4d1o2aGVTcmg5WFBKSWFqYkw=
2017-04-09 23:04:05,731       [8] DEBUG PayPal.Api.PayPalResource [(null)] PayPal-Request-Id:fa7c2295-52d6-426d-ad5b-b27cdd944c2c
2017-04-09 23:04:05,820       [8] DEBUG PayPal.Api.HttpConnection [(null)] grant_type=client_credentials
2017-04-09 23:04:06,129       [8] DEBUG PayPal.Api.HttpConnection [(null)] Service response: 
2017-04-09 23:04:06,129       [8] DEBUG PayPal.Api.HttpConnection [(null)] {"scope":"https://uri.paypal.com/services/subscriptions https://api.paypal.com/v1/payments/.* https://api.paypal.com/v1/vault/credit-card https://uri.paypal.com/services/applications/webhooks openid https://uri.paypal.com/payments/payouts https://api.paypal.com/v1/vault/credit-card/.*","nonce":"2017-04-10T03:03:54ZENg9PNkqUt064qNbU8RdhVtOvM1b72TRtBAZfZc8Kds","access_token":"A21AAHEeM43ukwwJaHo_nUNN34e4BUTaybEemlFafMaQE3iv8qGe6bcAeDEKk6k0eZxdKaoG1sh9CABF8ziH1t3FlMnjgEvuA","token_type":"Bearer","app_id":"APP-80W284485P519543T","expires_in":32390}
2017-04-09 23:04:06,132       [8] DEBUG PayPal.Api.PayPalResource [(null)] Content-Type:application/json
2017-04-09 23:04:06,132       [8] DEBUG PayPal.Api.PayPalResource [(null)] User-Agent:PayPalSDK/PayPal-NET-SDK 1.8.0 (lang=DOTNET;v=4.5.1;clr=4.0.30319.42000;bit=64;os=Microsoft Windows NT 10.0.14393.0)
2017-04-09 23:04:06,132       [8] DEBUG PayPal.Api.PayPalResource [(null)] Authorization:Bearer A21AAHEeM43ukwwJaHo_nUNN34e4BUTaybEemlFafMaQE3iv8qGe6bcAeDEKk6k0eZxdKaoG1sh9CABF8ziH1t3FlMnjgEvuA
2017-04-09 23:04:06,132       [8] DEBUG PayPal.Api.PayPalResource [(null)] PayPal-Request-Id:871fdc52-e475-451c-8c10-6e244e07c296
2017-04-09 23:04:06,221       [8] DEBUG PayPal.Api.HttpConnection [(null)] {"payer_id":"Q5SWBDFZYY3PA"}
2017-04-09 23:04:07,049       [8] ERROR PayPal.Api.HttpConnection [(null)] Error response:
2017-04-09 23:04:07,050       [8] ERROR PayPal.Api.HttpConnection [(null)] {"name":"DUPLICATE_TRANSACTION","details":[],"message":"Duplicate invoice Id detected.","information_link":"https://developer.paypal.com/docs/api/payments/#errors","debug_id":"564a6b46755fd"}
2017-04-09 23:04:07,050       [8] ERROR PayPal.Api.HttpConnection [(null)] The remote server returned an error: (400) Bad Request.
2017-04-09 23:04:07,056       [8] ERROR PayPal.PayPalException [(null)] Payments Exception: 
   Error:    DUPLICATE_TRANSACTION
   Message:  Duplicate invoice Id detected.
   URI:      https://developer.paypal.com/docs/api/payments/#errors
   Debug ID: 564a6b46755fd

2017-04-09 23:05:22,917       [7] DEBUG PayPal.Api.PayPalResource [(null)] Content-Type:application/x-www-form-urlencoded
2017-04-09 23:05:22,926       [7] DEBUG PayPal.Api.PayPalResource [(null)] User-Agent:PayPalSDK/PayPal-NET-SDK 1.8.0 (lang=DOTNET;v=4.5.1;clr=4.0.30319.42000;bit=64;os=Microsoft Windows NT 10.0.14393.0)
2017-04-09 23:05:22,926       [7] DEBUG PayPal.Api.PayPalResource [(null)] Authorization:Basic QWJ2ajl0dFhzLXJHbUN5bVdoQno5cWtrcXN5YU1LVlN6VVJpZGZRRHUtTGc1YUh1SFFJOUZrZGtkR1gwbWhGUEhoNHVuWTIxeHJKTEpQaHE6RUZBS2hBUmtJQjdiOWZCWDN1YTNzR3V0b3FzaWdCTV92eEVZOS1GZmRKQnlxdkJ1UExLVG5vNHNDdllXaEV4d1o2aGVTcmg5WFBKSWFqYkw=
2017-04-09 23:05:22,926       [7] DEBUG PayPal.Api.PayPalResource [(null)] PayPal-Request-Id:4a3a3686-1a01-4773-bf45-fd2fdc1ac9ba
2017-04-09 23:05:23,065       [7] DEBUG PayPal.Api.HttpConnection [(null)] grant_type=client_credentials
2017-04-09 23:05:23,486       [7] DEBUG PayPal.Api.HttpConnection [(null)] Service response: 
2017-04-09 23:05:23,486       [7] DEBUG PayPal.Api.HttpConnection [(null)] {"scope":"https://uri.paypal.com/services/subscriptions https://api.paypal.com/v1/payments/.* https://api.paypal.com/v1/vault/credit-card https://uri.paypal.com/services/applications/webhooks openid https://uri.paypal.com/payments/payouts https://api.paypal.com/v1/vault/credit-card/.*","nonce":"2017-04-10T03:03:54ZENg9PNkqUt064qNbU8RdhVtOvM1b72TRtBAZfZc8Kds","access_token":"A21AAHEeM43ukwwJaHo_nUNN34e4BUTaybEemlFafMaQE3iv8qGe6bcAeDEKk6k0eZxdKaoG1sh9CABF8ziH1t3FlMnjgEvuA","token_type":"Bearer","app_id":"APP-80W284485P519543T","expires_in":32313}
2017-04-09 23:05:23,638       [7] DEBUG PayPal.Api.PayPalResource [(null)] Content-Type:application/json
2017-04-09 23:05:23,638       [7] DEBUG PayPal.Api.PayPalResource [(null)] User-Agent:PayPalSDK/PayPal-NET-SDK 1.8.0 (lang=DOTNET;v=4.5.1;clr=4.0.30319.42000;bit=64;os=Microsoft Windows NT 10.0.14393.0)
2017-04-09 23:05:23,638       [7] DEBUG PayPal.Api.PayPalResource [(null)] Authorization:Bearer A21AAHEeM43ukwwJaHo_nUNN34e4BUTaybEemlFafMaQE3iv8qGe6bcAeDEKk6k0eZxdKaoG1sh9CABF8ziH1t3FlMnjgEvuA
2017-04-09 23:05:23,638       [7] DEBUG PayPal.Api.PayPalResource [(null)] PayPal-Request-Id:8073069b-a0df-47aa-a1c7-57d794f6c8f6
2017-04-09 23:05:23,729       [7] DEBUG PayPal.Api.HttpConnection [(null)] {"intent":"sale","payer":{"payment_method":"paypal"},"transactions":[{"amount":{"currency":"USD","total":"1132","details":{"subtotal":"1130","shipping":"1","tax":"1"}},"description":"Transaction description.","invoice_number":"your invoice number","item_list":{"items":[{"sku":"sku","name":"Basic Bell","quantity":"1","price":"250","currency":"USD"},{"sku":"sku","name":"Nokia Lumia","quantity":"1","price":"350","currency":"USD"},{"sku":"sku","name":"Apple Iphone","quantity":"1","price":"530","currency":"USD"}]}}],"redirect_urls":{"return_url":"http://localhost:60016/Paypal/PaymentWithPayPal?guid=11097","cancel_url":"http://localhost:60016/Paypal/PaymentWithPayPal?guid=11097"}}
2017-04-09 23:05:24,363       [7] DEBUG PayPal.Api.HttpConnection [(null)] Service response: 
2017-04-09 23:05:24,363       [7] DEBUG PayPal.Api.HttpConnection [(null)] {"id":"PAY-7YJ51995UB3677216LDVPM4Q","intent":"sale","state":"created","payer":{"payment_method":"paypal"},"transactions":[{"amount":{"total":"1132.00","currency":"USD","details":{"subtotal":"1130.00","tax":"1.00","shipping":"1.00"}},"description":"Transaction description.","invoice_number":"your invoice number","item_list":{"items":[{"name":"Basic Bell","sku":"sku","price":"250.00","currency":"USD","quantity":1},{"name":"Nokia Lumia","sku":"sku","price":"350.00","currency":"USD","quantity":1},{"name":"Apple Iphone","sku":"sku","price":"530.00","currency":"USD","quantity":1}]},"related_resources":[]}],"create_time":"2017-04-10T03:05:22Z","links":[{"href":"https://api.sandbox.paypal.com/v1/payments/payment/PAY-7YJ51995UB3677216LDVPM4Q","rel":"self","method":"GET"},{"href":"https://www.sandbox.paypal.com/cgi-bin/webscr?cmd=_express-checkout&token=EC-61F89835EH305845W","rel":"approval_url","method":"REDIRECT"},{"href":"https://api.sandbox.paypal.com/v1/payments/payment/PAY-7YJ51995UB3677216LDVPM4Q/execute","rel":"execute","method":"POST"}]}
2017-04-09 23:05:33,293       [7] DEBUG PayPal.Api.PayPalResource [(null)] Content-Type:application/x-www-form-urlencoded
2017-04-09 23:05:33,293       [7] DEBUG PayPal.Api.PayPalResource [(null)] User-Agent:PayPalSDK/PayPal-NET-SDK 1.8.0 (lang=DOTNET;v=4.5.1;clr=4.0.30319.42000;bit=64;os=Microsoft Windows NT 10.0.14393.0)
2017-04-09 23:05:33,293       [7] DEBUG PayPal.Api.PayPalResource [(null)] Authorization:Basic QWJ2ajl0dFhzLXJHbUN5bVdoQno5cWtrcXN5YU1LVlN6VVJpZGZRRHUtTGc1YUh1SFFJOUZrZGtkR1gwbWhGUEhoNHVuWTIxeHJKTEpQaHE6RUZBS2hBUmtJQjdiOWZCWDN1YTNzR3V0b3FzaWdCTV92eEVZOS1GZmRKQnlxdkJ1UExLVG5vNHNDdllXaEV4d1o2aGVTcmg5WFBKSWFqYkw=
2017-04-09 23:05:33,293       [7] DEBUG PayPal.Api.PayPalResource [(null)] PayPal-Request-Id:649287e7-15a6-4779-a364-977a0858aa79
2017-04-09 23:05:33,393       [7] DEBUG PayPal.Api.HttpConnection [(null)] grant_type=client_credentials
2017-04-09 23:05:33,711       [7] DEBUG PayPal.Api.HttpConnection [(null)] Service response: 
2017-04-09 23:05:33,711       [7] DEBUG PayPal.Api.HttpConnection [(null)] {"scope":"https://uri.paypal.com/services/subscriptions https://api.paypal.com/v1/payments/.* https://api.paypal.com/v1/vault/credit-card https://uri.paypal.com/services/applications/webhooks openid https://uri.paypal.com/payments/payouts https://api.paypal.com/v1/vault/credit-card/.*","nonce":"2017-04-10T03:03:54ZENg9PNkqUt064qNbU8RdhVtOvM1b72TRtBAZfZc8Kds","access_token":"A21AAHEeM43ukwwJaHo_nUNN34e4BUTaybEemlFafMaQE3iv8qGe6bcAeDEKk6k0eZxdKaoG1sh9CABF8ziH1t3FlMnjgEvuA","token_type":"Bearer","app_id":"APP-80W284485P519543T","expires_in":32303}
2017-04-09 23:05:33,714       [7] DEBUG PayPal.Api.PayPalResource [(null)] Content-Type:application/json
2017-04-09 23:05:33,714       [7] DEBUG PayPal.Api.PayPalResource [(null)] User-Agent:PayPalSDK/PayPal-NET-SDK 1.8.0 (lang=DOTNET;v=4.5.1;clr=4.0.30319.42000;bit=64;os=Microsoft Windows NT 10.0.14393.0)
2017-04-09 23:05:33,714       [7] DEBUG PayPal.Api.PayPalResource [(null)] Authorization:Bearer A21AAHEeM43ukwwJaHo_nUNN34e4BUTaybEemlFafMaQE3iv8qGe6bcAeDEKk6k0eZxdKaoG1sh9CABF8ziH1t3FlMnjgEvuA
2017-04-09 23:05:33,714       [7] DEBUG PayPal.Api.PayPalResource [(null)] PayPal-Request-Id:4a2fe1df-fabd-42fb-8f41-4127e02890fb
2017-04-09 23:05:33,810       [7] DEBUG PayPal.Api.HttpConnection [(null)] {"payer_id":"Q5SWBDFZYY3PA"}
2017-04-09 23:05:34,673       [7] ERROR PayPal.Api.HttpConnection [(null)] Error response:
2017-04-09 23:05:34,673       [7] ERROR PayPal.Api.HttpConnection [(null)] {"name":"DUPLICATE_TRANSACTION","details":[],"message":"Duplicate invoice Id detected.","information_link":"https://developer.paypal.com/docs/api/payments/#errors","debug_id":"e751f03d153ec"}
2017-04-09 23:05:34,673       [7] ERROR PayPal.Api.HttpConnection [(null)] The remote server returned an error: (400) Bad Request.
2017-04-09 23:05:34,680       [7] ERROR PayPal.PayPalException [(null)] Payments Exception: 
   Error:    DUPLICATE_TRANSACTION
   Message:  Duplicate invoice Id detected.
   URI:      https://developer.paypal.com/docs/api/payments/#errors
   Debug ID: e751f03d153ec

2017-04-09 23:13:13,041       [8] DEBUG PayPal.Api.PayPalResource [(null)] Content-Type:application/x-www-form-urlencoded
2017-04-09 23:13:13,050       [8] DEBUG PayPal.Api.PayPalResource [(null)] User-Agent:PayPalSDK/PayPal-NET-SDK 1.8.0 (lang=DOTNET;v=4.5.1;clr=4.0.30319.42000;bit=64;os=Microsoft Windows NT 10.0.14393.0)
2017-04-09 23:13:13,050       [8] DEBUG PayPal.Api.PayPalResource [(null)] Authorization:Basic QWJ2ajl0dFhzLXJHbUN5bVdoQno5cWtrcXN5YU1LVlN6VVJpZGZRRHUtTGc1YUh1SFFJOUZrZGtkR1gwbWhGUEhoNHVuWTIxeHJKTEpQaHE6RUZBS2hBUmtJQjdiOWZCWDN1YTNzR3V0b3FzaWdCTV92eEVZOS1GZmRKQnlxdkJ1UExLVG5vNHNDdllXaEV4d1o2aGVTcmg5WFBKSWFqYkw=
2017-04-09 23:13:13,050       [8] DEBUG PayPal.Api.PayPalResource [(null)] PayPal-Request-Id:6cabbca0-3114-49fd-a6c2-4267039c0da4
2017-04-09 23:13:13,175       [8] DEBUG PayPal.Api.HttpConnection [(null)] grant_type=client_credentials
2017-04-09 23:13:13,611       [8] DEBUG PayPal.Api.HttpConnection [(null)] Service response: 
2017-04-09 23:13:13,612       [8] DEBUG PayPal.Api.HttpConnection [(null)] {"scope":"https://uri.paypal.com/services/subscriptions https://api.paypal.com/v1/payments/.* https://api.paypal.com/v1/vault/credit-card https://uri.paypal.com/services/applications/webhooks openid https://uri.paypal.com/payments/payouts https://api.paypal.com/v1/vault/credit-card/.*","nonce":"2017-04-10T03:03:54ZENg9PNkqUt064qNbU8RdhVtOvM1b72TRtBAZfZc8Kds","access_token":"A21AAHEeM43ukwwJaHo_nUNN34e4BUTaybEemlFafMaQE3iv8qGe6bcAeDEKk6k0eZxdKaoG1sh9CABF8ziH1t3FlMnjgEvuA","token_type":"Bearer","app_id":"APP-80W284485P519543T","expires_in":31843}
2017-04-09 23:13:13,767       [8] DEBUG PayPal.Api.PayPalResource [(null)] Content-Type:application/json
2017-04-09 23:13:13,767       [8] DEBUG PayPal.Api.PayPalResource [(null)] User-Agent:PayPalSDK/PayPal-NET-SDK 1.8.0 (lang=DOTNET;v=4.5.1;clr=4.0.30319.42000;bit=64;os=Microsoft Windows NT 10.0.14393.0)
2017-04-09 23:13:13,767       [8] DEBUG PayPal.Api.PayPalResource [(null)] Authorization:Bearer A21AAHEeM43ukwwJaHo_nUNN34e4BUTaybEemlFafMaQE3iv8qGe6bcAeDEKk6k0eZxdKaoG1sh9CABF8ziH1t3FlMnjgEvuA
2017-04-09 23:13:13,767       [8] DEBUG PayPal.Api.PayPalResource [(null)] PayPal-Request-Id:d7322948-f1ba-438b-9852-12f32be88a0e
2017-04-09 23:13:13,863       [8] DEBUG PayPal.Api.HttpConnection [(null)] {"intent":"sale","payer":{"payment_method":"paypal"},"transactions":[{"amount":{"currency":"USD","total":"1132","details":{"subtotal":"1130","shipping":"1","tax":"1"}},"description":"Transaction description.","invoice_number":"your invoice number","item_list":{"items":[{"sku":"sku","name":"Basic Bell","quantity":"1","price":"250","currency":"USD"},{"sku":"sku","name":"Nokia Lumia","quantity":"1","price":"350","currency":"USD"},{"sku":"sku","name":"Apple Iphone","quantity":"1","price":"530","currency":"USD"}]}}],"redirect_urls":{"return_url":"http://localhost:60016/Paypal/PaymentWithPayPal?guid=91014","cancel_url":"http://localhost:60016/Paypal/PaymentWithPayPal?guid=91014"}}
2017-04-09 23:13:14,570       [8] DEBUG PayPal.Api.HttpConnection [(null)] Service response: 
2017-04-09 23:13:14,570       [8] DEBUG PayPal.Api.HttpConnection [(null)] {"id":"PAY-2CB05599FC694291HLDVPQSA","intent":"sale","state":"created","payer":{"payment_method":"paypal"},"transactions":[{"amount":{"total":"1132.00","currency":"USD","details":{"subtotal":"1130.00","tax":"1.00","shipping":"1.00"}},"description":"Transaction description.","invoice_number":"your invoice number","item_list":{"items":[{"name":"Basic Bell","sku":"sku","price":"250.00","currency":"USD","quantity":1},{"name":"Nokia Lumia","sku":"sku","price":"350.00","currency":"USD","quantity":1},{"name":"Apple Iphone","sku":"sku","price":"530.00","currency":"USD","quantity":1}]},"related_resources":[]}],"create_time":"2017-04-10T03:13:12Z","links":[{"href":"https://api.sandbox.paypal.com/v1/payments/payment/PAY-2CB05599FC694291HLDVPQSA","rel":"self","method":"GET"},{"href":"https://www.sandbox.paypal.com/cgi-bin/webscr?cmd=_express-checkout&token=EC-3WD31518GF0999607","rel":"approval_url","method":"REDIRECT"},{"href":"https://api.sandbox.paypal.com/v1/payments/payment/PAY-2CB05599FC694291HLDVPQSA/execute","rel":"execute","method":"POST"}]}
2017-04-09 23:13:59,993       [8] DEBUG PayPal.Api.PayPalResource [(null)] Content-Type:application/x-www-form-urlencoded
2017-04-09 23:13:59,994       [8] DEBUG PayPal.Api.PayPalResource [(null)] User-Agent:PayPalSDK/PayPal-NET-SDK 1.8.0 (lang=DOTNET;v=4.5.1;clr=4.0.30319.42000;bit=64;os=Microsoft Windows NT 10.0.14393.0)
2017-04-09 23:13:59,994       [8] DEBUG PayPal.Api.PayPalResource [(null)] Authorization:Basic QWJ2ajl0dFhzLXJHbUN5bVdoQno5cWtrcXN5YU1LVlN6VVJpZGZRRHUtTGc1YUh1SFFJOUZrZGtkR1gwbWhGUEhoNHVuWTIxeHJKTEpQaHE6RUZBS2hBUmtJQjdiOWZCWDN1YTNzR3V0b3FzaWdCTV92eEVZOS1GZmRKQnlxdkJ1UExLVG5vNHNDdllXaEV4d1o2aGVTcmg5WFBKSWFqYkw=
2017-04-09 23:13:59,994       [8] DEBUG PayPal.Api.PayPalResource [(null)] PayPal-Request-Id:7b06954b-e7d8-4a6d-b5aa-1638898b217f
2017-04-09 23:14:00,084       [8] DEBUG PayPal.Api.HttpConnection [(null)] grant_type=client_credentials
2017-04-09 23:14:00,395       [8] DEBUG PayPal.Api.HttpConnection [(null)] Service response: 
2017-04-09 23:14:00,395       [8] DEBUG PayPal.Api.HttpConnection [(null)] {"scope":"https://uri.paypal.com/services/subscriptions https://api.paypal.com/v1/payments/.* https://api.paypal.com/v1/vault/credit-card https://uri.paypal.com/services/applications/webhooks openid https://uri.paypal.com/payments/payouts https://api.paypal.com/v1/vault/credit-card/.*","nonce":"2017-04-10T03:03:54ZENg9PNkqUt064qNbU8RdhVtOvM1b72TRtBAZfZc8Kds","access_token":"A21AAHEeM43ukwwJaHo_nUNN34e4BUTaybEemlFafMaQE3iv8qGe6bcAeDEKk6k0eZxdKaoG1sh9CABF8ziH1t3FlMnjgEvuA","token_type":"Bearer","app_id":"APP-80W284485P519543T","expires_in":31796}
2017-04-09 23:14:00,401       [8] DEBUG PayPal.Api.PayPalResource [(null)] Content-Type:application/json
2017-04-09 23:14:00,401       [8] DEBUG PayPal.Api.PayPalResource [(null)] User-Agent:PayPalSDK/PayPal-NET-SDK 1.8.0 (lang=DOTNET;v=4.5.1;clr=4.0.30319.42000;bit=64;os=Microsoft Windows NT 10.0.14393.0)
2017-04-09 23:14:00,401       [8] DEBUG PayPal.Api.PayPalResource [(null)] Authorization:Bearer A21AAHEeM43ukwwJaHo_nUNN34e4BUTaybEemlFafMaQE3iv8qGe6bcAeDEKk6k0eZxdKaoG1sh9CABF8ziH1t3FlMnjgEvuA
2017-04-09 23:14:00,401       [8] DEBUG PayPal.Api.PayPalResource [(null)] PayPal-Request-Id:2a2f4b0e-d6ce-4ee6-a43a-628b7f7ab88e
2017-04-09 23:14:00,490       [8] DEBUG PayPal.Api.HttpConnection [(null)] {"payer_id":"QEE35WXU3DAQA"}
2017-04-09 23:14:02,238       [8] ERROR PayPal.Api.HttpConnection [(null)] Error response:
2017-04-09 23:14:02,239       [8] ERROR PayPal.Api.HttpConnection [(null)] {"name":"DUPLICATE_TRANSACTION","details":[],"message":"Duplicate invoice Id detected.","information_link":"https://developer.paypal.com/docs/api/payments/#errors","debug_id":"df62e79db52c7"}
2017-04-09 23:14:02,239       [8] ERROR PayPal.Api.HttpConnection [(null)] The remote server returned an error: (400) Bad Request.
2017-04-09 23:14:02,246       [8] ERROR PayPal.PayPalException [(null)] Payments Exception: 
   Error:    DUPLICATE_TRANSACTION
   Message:  Duplicate invoice Id detected.
   URI:      https://developer.paypal.com/docs/api/payments/#errors
   Debug ID: df62e79db52c7

2017-04-09 23:18:03,226       [7] DEBUG PayPal.Api.PayPalResource [(null)] Content-Type:application/x-www-form-urlencoded
2017-04-09 23:18:03,238       [7] DEBUG PayPal.Api.PayPalResource [(null)] User-Agent:PayPalSDK/PayPal-NET-SDK 1.8.0 (lang=DOTNET;v=4.5.1;clr=4.0.30319.42000;bit=64;os=Microsoft Windows NT 10.0.14393.0)
2017-04-09 23:18:03,238       [7] DEBUG PayPal.Api.PayPalResource [(null)] Authorization:Basic QWJ2ajl0dFhzLXJHbUN5bVdoQno5cWtrcXN5YU1LVlN6VVJpZGZRRHUtTGc1YUh1SFFJOUZrZGtkR1gwbWhGUEhoNHVuWTIxeHJKTEpQaHE6RUZBS2hBUmtJQjdiOWZCWDN1YTNzR3V0b3FzaWdCTV92eEVZOS1GZmRKQnlxdkJ1UExLVG5vNHNDdllXaEV4d1o2aGVTcmg5WFBKSWFqYkw=
2017-04-09 23:18:03,238       [7] DEBUG PayPal.Api.PayPalResource [(null)] PayPal-Request-Id:fdfcecf9-8f2b-4eff-9415-f4f3595ef014
2017-04-09 23:18:03,363       [7] DEBUG PayPal.Api.HttpConnection [(null)] grant_type=client_credentials
2017-04-09 23:18:03,817       [7] DEBUG PayPal.Api.HttpConnection [(null)] Service response: 
2017-04-09 23:18:03,818       [7] DEBUG PayPal.Api.HttpConnection [(null)] {"scope":"https://uri.paypal.com/services/subscriptions https://api.paypal.com/v1/payments/.* https://api.paypal.com/v1/vault/credit-card https://uri.paypal.com/services/applications/webhooks openid https://uri.paypal.com/payments/payouts https://api.paypal.com/v1/vault/credit-card/.*","nonce":"2017-04-10T03:03:54ZENg9PNkqUt064qNbU8RdhVtOvM1b72TRtBAZfZc8Kds","access_token":"A21AAHEeM43ukwwJaHo_nUNN34e4BUTaybEemlFafMaQE3iv8qGe6bcAeDEKk6k0eZxdKaoG1sh9CABF8ziH1t3FlMnjgEvuA","token_type":"Bearer","app_id":"APP-80W284485P519543T","expires_in":31553}
2017-04-09 23:18:15,026       [7] DEBUG PayPal.Api.PayPalResource [(null)] Content-Type:application/json
2017-04-09 23:18:15,026       [7] DEBUG PayPal.Api.PayPalResource [(null)] User-Agent:PayPalSDK/PayPal-NET-SDK 1.8.0 (lang=DOTNET;v=4.5.1;clr=4.0.30319.42000;bit=64;os=Microsoft Windows NT 10.0.14393.0)
2017-04-09 23:18:15,026       [7] DEBUG PayPal.Api.PayPalResource [(null)] Authorization:Bearer A21AAHEeM43ukwwJaHo_nUNN34e4BUTaybEemlFafMaQE3iv8qGe6bcAeDEKk6k0eZxdKaoG1sh9CABF8ziH1t3FlMnjgEvuA
2017-04-09 23:18:15,026       [7] DEBUG PayPal.Api.PayPalResource [(null)] PayPal-Request-Id:c421e37a-1e69-45bb-9e7f-1db5a241615f
2017-04-09 23:18:15,119       [7] DEBUG PayPal.Api.HttpConnection [(null)] {"intent":"sale","payer":{"payment_method":"paypal"},"transactions":[{"amount":{"currency":"USD","total":"1132","details":{"subtotal":"1130","shipping":"1","tax":"1"}},"description":"Transaction description.","invoice_number":"your invoice number","item_list":{"items":[{"sku":"sku","name":"Basic Bell","quantity":"1","price":"250","currency":"USD"},{"sku":"sku","name":"Nokia Lumia","quantity":"1","price":"350","currency":"USD"},{"sku":"sku","name":"Apple Iphone","quantity":"1","price":"530","currency":"USD"}]}}],"redirect_urls":{"return_url":"http://localhost:60016/Paypal/PaymentWithPayPal?guid=75334","cancel_url":"http://localhost:60016/Paypal/PaymentWithPayPal?guid=75334"}}
2017-04-09 23:18:15,735       [7] DEBUG PayPal.Api.HttpConnection [(null)] Service response: 
2017-04-09 23:18:15,736       [7] DEBUG PayPal.Api.HttpConnection [(null)] {"id":"PAY-8V839661AD8401923LDVPS5I","intent":"sale","state":"created","payer":{"payment_method":"paypal"},"transactions":[{"amount":{"total":"1132.00","currency":"USD","details":{"subtotal":"1130.00","tax":"1.00","shipping":"1.00"}},"description":"Transaction description.","invoice_number":"your invoice number","item_list":{"items":[{"name":"Basic Bell","sku":"sku","price":"250.00","currency":"USD","quantity":1},{"name":"Nokia Lumia","sku":"sku","price":"350.00","currency":"USD","quantity":1},{"name":"Apple Iphone","sku":"sku","price":"530.00","currency":"USD","quantity":1}]},"related_resources":[]}],"create_time":"2017-04-10T03:18:13Z","links":[{"href":"https://api.sandbox.paypal.com/v1/payments/payment/PAY-8V839661AD8401923LDVPS5I","rel":"self","method":"GET"},{"href":"https://www.sandbox.paypal.com/cgi-bin/webscr?cmd=_express-checkout&token=EC-5T596202EH850661V","rel":"approval_url","method":"REDIRECT"},{"href":"https://api.sandbox.paypal.com/v1/payments/payment/PAY-8V839661AD8401923LDVPS5I/execute","rel":"execute","method":"POST"}]}
2017-04-09 23:20:36,258       [7] DEBUG PayPal.Api.PayPalResource [(null)] Content-Type:application/x-www-form-urlencoded
2017-04-09 23:20:36,258       [7] DEBUG PayPal.Api.PayPalResource [(null)] User-Agent:PayPalSDK/PayPal-NET-SDK 1.8.0 (lang=DOTNET;v=4.5.1;clr=4.0.30319.42000;bit=64;os=Microsoft Windows NT 10.0.14393.0)
2017-04-09 23:20:36,258       [7] DEBUG PayPal.Api.PayPalResource [(null)] Authorization:Basic QWJ2ajl0dFhzLXJHbUN5bVdoQno5cWtrcXN5YU1LVlN6VVJpZGZRRHUtTGc1YUh1SFFJOUZrZGtkR1gwbWhGUEhoNHVuWTIxeHJKTEpQaHE6RUZBS2hBUmtJQjdiOWZCWDN1YTNzR3V0b3FzaWdCTV92eEVZOS1GZmRKQnlxdkJ1UExLVG5vNHNDdllXaEV4d1o2aGVTcmg5WFBKSWFqYkw=
2017-04-09 23:20:36,258       [7] DEBUG PayPal.Api.PayPalResource [(null)] PayPal-Request-Id:ddd558d4-abe2-4e81-9ce6-350aed2adc23
2017-04-09 23:20:36,360       [7] DEBUG PayPal.Api.HttpConnection [(null)] grant_type=client_credentials
2017-04-09 23:20:36,690       [7] DEBUG PayPal.Api.HttpConnection [(null)] Service response: 
2017-04-09 23:20:36,691       [7] DEBUG PayPal.Api.HttpConnection [(null)] {"scope":"https://uri.paypal.com/services/subscriptions https://api.paypal.com/v1/payments/.* https://api.paypal.com/v1/vault/credit-card https://uri.paypal.com/services/applications/webhooks openid https://uri.paypal.com/payments/payouts https://api.paypal.com/v1/vault/credit-card/.*","nonce":"2017-04-10T03:03:54ZENg9PNkqUt064qNbU8RdhVtOvM1b72TRtBAZfZc8Kds","access_token":"A21AAHEeM43ukwwJaHo_nUNN34e4BUTaybEemlFafMaQE3iv8qGe6bcAeDEKk6k0eZxdKaoG1sh9CABF8ziH1t3FlMnjgEvuA","token_type":"Bearer","app_id":"APP-80W284485P519543T","expires_in":31400}
2017-04-09 23:20:55,436       [7] DEBUG PayPal.Api.PayPalResource [(null)] Content-Type:application/json
2017-04-09 23:20:55,436       [7] DEBUG PayPal.Api.PayPalResource [(null)] User-Agent:PayPalSDK/PayPal-NET-SDK 1.8.0 (lang=DOTNET;v=4.5.1;clr=4.0.30319.42000;bit=64;os=Microsoft Windows NT 10.0.14393.0)
2017-04-09 23:20:55,436       [7] DEBUG PayPal.Api.PayPalResource [(null)] Authorization:Bearer A21AAHEeM43ukwwJaHo_nUNN34e4BUTaybEemlFafMaQE3iv8qGe6bcAeDEKk6k0eZxdKaoG1sh9CABF8ziH1t3FlMnjgEvuA
2017-04-09 23:20:55,436       [7] DEBUG PayPal.Api.PayPalResource [(null)] PayPal-Request-Id:50705709-f0ad-4c9b-b54e-7efe3a10d921
2017-04-09 23:20:55,530       [7] DEBUG PayPal.Api.HttpConnection [(null)] {"payer_id":"QEE35WXU3DAQA"}
2017-04-09 23:20:56,374       [7] ERROR PayPal.Api.HttpConnection [(null)] Error response:
2017-04-09 23:20:56,375       [7] ERROR PayPal.Api.HttpConnection [(null)] {"name":"DUPLICATE_TRANSACTION","details":[],"message":"Duplicate invoice Id detected.","information_link":"https://developer.paypal.com/docs/api/payments/#errors","debug_id":"9aba7b06bdd58"}
2017-04-09 23:20:56,375       [7] ERROR PayPal.Api.HttpConnection [(null)] The remote server returned an error: (400) Bad Request.
2017-04-09 23:20:56,383       [7] ERROR PayPal.PayPalException [(null)] Payments Exception: 
   Error:    DUPLICATE_TRANSACTION
   Message:  Duplicate invoice Id detected.
   URI:      https://developer.paypal.com/docs/api/payments/#errors
   Debug ID: 9aba7b06bdd58

2017-04-09 23:24:38,156       [8] DEBUG PayPal.Api.PayPalResource [(null)] Content-Type:application/x-www-form-urlencoded
2017-04-09 23:24:38,168       [8] DEBUG PayPal.Api.PayPalResource [(null)] User-Agent:PayPalSDK/PayPal-NET-SDK 1.8.0 (lang=DOTNET;v=4.5.1;clr=4.0.30319.42000;bit=64;os=Microsoft Windows NT 10.0.14393.0)
2017-04-09 23:24:38,170       [8] DEBUG PayPal.Api.PayPalResource [(null)] Authorization:Basic QWJ2ajl0dFhzLXJHbUN5bVdoQno5cWtrcXN5YU1LVlN6VVJpZGZRRHUtTGc1YUh1SFFJOUZrZGtkR1gwbWhGUEhoNHVuWTIxeHJKTEpQaHE6RUZBS2hBUmtJQjdiOWZCWDN1YTNzR3V0b3FzaWdCTV92eEVZOS1GZmRKQnlxdkJ1UExLVG5vNHNDdllXaEV4d1o2aGVTcmg5WFBKSWFqYkw=
2017-04-09 23:24:38,170       [8] DEBUG PayPal.Api.PayPalResource [(null)] PayPal-Request-Id:a16fe8d4-8819-4812-a8f1-5d2a1e8b7366
2017-04-09 23:24:38,296       [8] DEBUG PayPal.Api.HttpConnection [(null)] grant_type=client_credentials
2017-04-09 23:24:38,755       [8] DEBUG PayPal.Api.HttpConnection [(null)] Service response: 
2017-04-09 23:24:38,755       [8] DEBUG PayPal.Api.HttpConnection [(null)] {"scope":"https://uri.paypal.com/services/subscriptions https://api.paypal.com/v1/payments/.* https://api.paypal.com/v1/vault/credit-card https://uri.paypal.com/services/applications/webhooks openid https://uri.paypal.com/payments/payouts https://api.paypal.com/v1/vault/credit-card/.*","nonce":"2017-04-10T03:03:54ZENg9PNkqUt064qNbU8RdhVtOvM1b72TRtBAZfZc8Kds","access_token":"A21AAHEeM43ukwwJaHo_nUNN34e4BUTaybEemlFafMaQE3iv8qGe6bcAeDEKk6k0eZxdKaoG1sh9CABF8ziH1t3FlMnjgEvuA","token_type":"Bearer","app_id":"APP-80W284485P519543T","expires_in":31158}
2017-04-09 23:25:52,781       [7] DEBUG PayPal.Api.PayPalResource [(null)] Content-Type:application/x-www-form-urlencoded
2017-04-09 23:25:52,789       [7] DEBUG PayPal.Api.PayPalResource [(null)] User-Agent:PayPalSDK/PayPal-NET-SDK 1.8.0 (lang=DOTNET;v=4.5.1;clr=4.0.30319.42000;bit=64;os=Microsoft Windows NT 10.0.14393.0)
2017-04-09 23:25:52,790       [7] DEBUG PayPal.Api.PayPalResource [(null)] Authorization:Basic QWJ2ajl0dFhzLXJHbUN5bVdoQno5cWtrcXN5YU1LVlN6VVJpZGZRRHUtTGc1YUh1SFFJOUZrZGtkR1gwbWhGUEhoNHVuWTIxeHJKTEpQaHE6RUZBS2hBUmtJQjdiOWZCWDN1YTNzR3V0b3FzaWdCTV92eEVZOS1GZmRKQnlxdkJ1UExLVG5vNHNDdllXaEV4d1o2aGVTcmg5WFBKSWFqYkw=
2017-04-09 23:25:52,790       [7] DEBUG PayPal.Api.PayPalResource [(null)] PayPal-Request-Id:e7a87fa2-acde-46d0-a87b-82b203c8e358
2017-04-09 23:25:52,897       [7] DEBUG PayPal.Api.HttpConnection [(null)] grant_type=client_credentials
2017-04-09 23:25:53,340       [7] DEBUG PayPal.Api.HttpConnection [(null)] Service response: 
2017-04-09 23:25:53,340       [7] DEBUG PayPal.Api.HttpConnection [(null)] {"scope":"https://uri.paypal.com/services/subscriptions https://api.paypal.com/v1/payments/.* https://api.paypal.com/v1/vault/credit-card https://uri.paypal.com/services/applications/webhooks openid https://uri.paypal.com/payments/payouts https://api.paypal.com/v1/vault/credit-card/.*","nonce":"2017-04-10T03:03:54ZENg9PNkqUt064qNbU8RdhVtOvM1b72TRtBAZfZc8Kds","access_token":"A21AAHEeM43ukwwJaHo_nUNN34e4BUTaybEemlFafMaQE3iv8qGe6bcAeDEKk6k0eZxdKaoG1sh9CABF8ziH1t3FlMnjgEvuA","token_type":"Bearer","app_id":"APP-80W284485P519543T","expires_in":31083}
2017-04-09 23:25:53,515       [7] DEBUG PayPal.Api.PayPalResource [(null)] Content-Type:application/json
2017-04-09 23:25:53,516       [7] DEBUG PayPal.Api.PayPalResource [(null)] User-Agent:PayPalSDK/PayPal-NET-SDK 1.8.0 (lang=DOTNET;v=4.5.1;clr=4.0.30319.42000;bit=64;os=Microsoft Windows NT 10.0.14393.0)
2017-04-09 23:25:53,516       [7] DEBUG PayPal.Api.PayPalResource [(null)] Authorization:Bearer A21AAHEeM43ukwwJaHo_nUNN34e4BUTaybEemlFafMaQE3iv8qGe6bcAeDEKk6k0eZxdKaoG1sh9CABF8ziH1t3FlMnjgEvuA
2017-04-09 23:25:53,516       [7] DEBUG PayPal.Api.PayPalResource [(null)] PayPal-Request-Id:1a644bee-45a7-4cfc-95d3-3846ad9046e2
2017-04-09 23:25:53,609       [7] DEBUG PayPal.Api.HttpConnection [(null)] {"intent":"sale","payer":{"payment_method":"paypal"},"transactions":[{"amount":{"currency":"USD","total":"1132","details":{"subtotal":"1130","shipping":"1","tax":"1"}},"description":"Transaction description.","invoice_number":"your invoice number","item_list":{"items":[{"sku":"sku","name":"Basic Bell","quantity":"1","price":"250","currency":"USD"},{"sku":"sku","name":"Nokia Lumia","quantity":"1","price":"350","currency":"USD"},{"sku":"sku","name":"Apple Iphone","quantity":"1","price":"530","currency":"USD"}]}}],"redirect_urls":{"return_url":"http://localhost:60016/Paypal/PaymentWithPayPal?guid=27768","cancel_url":"http://localhost:60016/Paypal/PaymentWithPayPal?guid=27768"}}
2017-04-09 23:25:54,237       [7] DEBUG PayPal.Api.HttpConnection [(null)] Service response: 
2017-04-09 23:25:54,237       [7] DEBUG PayPal.Api.HttpConnection [(null)] {"id":"PAY-1BD31483EE788970PLDVPWQA","intent":"sale","state":"created","payer":{"payment_method":"paypal"},"transactions":[{"amount":{"total":"1132.00","currency":"USD","details":{"subtotal":"1130.00","tax":"1.00","shipping":"1.00"}},"description":"Transaction description.","invoice_number":"your invoice number","item_list":{"items":[{"name":"Basic Bell","sku":"sku","price":"250.00","currency":"USD","quantity":1},{"name":"Nokia Lumia","sku":"sku","price":"350.00","currency":"USD","quantity":1},{"name":"Apple Iphone","sku":"sku","price":"530.00","currency":"USD","quantity":1}]},"related_resources":[]}],"create_time":"2017-04-10T03:25:51Z","links":[{"href":"https://api.sandbox.paypal.com/v1/payments/payment/PAY-1BD31483EE788970PLDVPWQA","rel":"self","method":"GET"},{"href":"https://www.sandbox.paypal.com/cgi-bin/webscr?cmd=_express-checkout&token=EC-05K74126RM8690538","rel":"approval_url","method":"REDIRECT"},{"href":"https://api.sandbox.paypal.com/v1/payments/payment/PAY-1BD31483EE788970PLDVPWQA/execute","rel":"execute","method":"POST"}]}
2017-04-09 23:26:07,611       [8] DEBUG PayPal.Api.PayPalResource [(null)] Content-Type:application/x-www-form-urlencoded
2017-04-09 23:26:07,611       [8] DEBUG PayPal.Api.PayPalResource [(null)] User-Agent:PayPalSDK/PayPal-NET-SDK 1.8.0 (lang=DOTNET;v=4.5.1;clr=4.0.30319.42000;bit=64;os=Microsoft Windows NT 10.0.14393.0)
2017-04-09 23:26:07,611       [8] DEBUG PayPal.Api.PayPalResource [(null)] Authorization:Basic QWJ2ajl0dFhzLXJHbUN5bVdoQno5cWtrcXN5YU1LVlN6VVJpZGZRRHUtTGc1YUh1SFFJOUZrZGtkR1gwbWhGUEhoNHVuWTIxeHJKTEpQaHE6RUZBS2hBUmtJQjdiOWZCWDN1YTNzR3V0b3FzaWdCTV92eEVZOS1GZmRKQnlxdkJ1UExLVG5vNHNDdllXaEV4d1o2aGVTcmg5WFBKSWFqYkw=
2017-04-09 23:26:07,612       [8] DEBUG PayPal.Api.PayPalResource [(null)] PayPal-Request-Id:1e67aa37-2a8c-4f40-99cd-6fb5abb7d562
2017-04-09 23:26:07,709       [8] DEBUG PayPal.Api.HttpConnection [(null)] grant_type=client_credentials
2017-04-09 23:26:08,028       [8] DEBUG PayPal.Api.HttpConnection [(null)] Service response: 
2017-04-09 23:26:08,028       [8] DEBUG PayPal.Api.HttpConnection [(null)] {"scope":"https://uri.paypal.com/services/subscriptions https://api.paypal.com/v1/payments/.* https://api.paypal.com/v1/vault/credit-card https://uri.paypal.com/services/applications/webhooks openid https://uri.paypal.com/payments/payouts https://api.paypal.com/v1/vault/credit-card/.*","nonce":"2017-04-10T03:03:54ZENg9PNkqUt064qNbU8RdhVtOvM1b72TRtBAZfZc8Kds","access_token":"A21AAHEeM43ukwwJaHo_nUNN34e4BUTaybEemlFafMaQE3iv8qGe6bcAeDEKk6k0eZxdKaoG1sh9CABF8ziH1t3FlMnjgEvuA","token_type":"Bearer","app_id":"APP-80W284485P519543T","expires_in":31069}
2017-04-09 23:27:31,518       [8] DEBUG PayPal.Api.PayPalResource [(null)] Content-Type:application/json
2017-04-09 23:27:31,518       [8] DEBUG PayPal.Api.PayPalResource [(null)] User-Agent:PayPalSDK/PayPal-NET-SDK 1.8.0 (lang=DOTNET;v=4.5.1;clr=4.0.30319.42000;bit=64;os=Microsoft Windows NT 10.0.14393.0)
2017-04-09 23:27:31,519       [8] DEBUG PayPal.Api.PayPalResource [(null)] Authorization:Bearer A21AAHEeM43ukwwJaHo_nUNN34e4BUTaybEemlFafMaQE3iv8qGe6bcAeDEKk6k0eZxdKaoG1sh9CABF8ziH1t3FlMnjgEvuA
2017-04-09 23:27:31,519       [8] DEBUG PayPal.Api.PayPalResource [(null)] PayPal-Request-Id:ccebce55-4531-41ee-8a78-90dc00ee9757
2017-04-09 23:27:31,612       [8] DEBUG PayPal.Api.HttpConnection [(null)] {"payer_id":"QEE35WXU3DAQA"}
2017-04-09 23:27:32,506       [8] ERROR PayPal.Api.HttpConnection [(null)] Error response:
2017-04-09 23:27:32,506       [8] ERROR PayPal.Api.HttpConnection [(null)] {"name":"DUPLICATE_TRANSACTION","details":[],"message":"Duplicate invoice Id detected.","information_link":"https://developer.paypal.com/docs/api/payments/#errors","debug_id":"7326057d5613"}
2017-04-09 23:27:32,506       [8] ERROR PayPal.Api.HttpConnection [(null)] The remote server returned an error: (400) Bad Request.
2017-04-09 23:27:32,514       [8] ERROR PayPal.PayPalException [(null)] Payments Exception: 
   Error:    DUPLICATE_TRANSACTION
   Message:  Duplicate invoice Id detected.
   URI:      https://developer.paypal.com/docs/api/payments/#errors
   Debug ID: 7326057d5613

